{"C:\\Users\\Denis.Biguenet\\Documents\\Acute3D\\reality-capture\\typescript\\sdk\\lib\\reality-capture.js":{"path":"C:\\Users\\Denis.Biguenet\\Documents\\Acute3D\\reality-capture\\typescript\\sdk\\lib\\reality-capture.js","statementMap":{"0":{"start":{"line":6,"column":22},"end":{"line":16,"column":3}},"1":{"start":{"line":7,"column":4},"end":{"line":7,"column":33}},"2":{"start":{"line":7,"column":26},"end":{"line":7,"column":33}},"3":{"start":{"line":8,"column":15},"end":{"line":8,"column":52}},"4":{"start":{"line":9,"column":4},"end":{"line":11,"column":5}},"5":{"start":{"line":10,"column":6},"end":{"line":10,"column":68}},"6":{"start":{"line":10,"column":51},"end":{"line":10,"column":63}},"7":{"start":{"line":12,"column":4},"end":{"line":12,"column":39}},"8":{"start":{"line":14,"column":4},"end":{"line":14,"column":33}},"9":{"start":{"line":14,"column":26},"end":{"line":14,"column":33}},"10":{"start":{"line":15,"column":4},"end":{"line":15,"column":17}},"11":{"start":{"line":17,"column":25},"end":{"line":21,"column":2}},"12":{"start":{"line":18,"column":4},"end":{"line":18,"column":72}},"13":{"start":{"line":20,"column":4},"end":{"line":20,"column":21}},"14":{"start":{"line":22,"column":19},"end":{"line":28,"column":1}},"15":{"start":{"line":23,"column":4},"end":{"line":23,"column":42}},"16":{"start":{"line":23,"column":31},"end":{"line":23,"column":42}},"17":{"start":{"line":24,"column":17},"end":{"line":24,"column":19}},"18":{"start":{"line":25,"column":4},"end":{"line":25,"column":141}},"19":{"start":{"line":25,"column":21},"end":{"line":25,"column":141}},"20":{"start":{"line":25,"column":40},"end":{"line":25,"column":141}},"21":{"start":{"line":25,"column":109},"end":{"line":25,"column":141}},"22":{"start":{"line":26,"column":4},"end":{"line":26,"column":36}},"23":{"start":{"line":27,"column":4},"end":{"line":27,"column":18}},"24":{"start":{"line":29,"column":0},"end":{"line":29,"column":62}},"25":{"start":{"line":30,"column":0},"end":{"line":30,"column":255}},"26":{"start":{"line":31,"column":32},"end":{"line":31,"column":71}},"27":{"start":{"line":32,"column":0},"end":{"line":32,"column":154}},"28":{"start":{"line":32,"column":95},"end":{"line":32,"column":148}},"29":{"start":{"line":33,"column":16},"end":{"line":33,"column":53}},"30":{"start":{"line":34,"column":0},"end":{"line":34,"column":26}},"31":{"start":{"line":35,"column":37},"end":{"line":35,"column":81}},"32":{"start":{"line":36,"column":0},"end":{"line":36,"column":169}},"33":{"start":{"line":36,"column":100},"end":{"line":36,"column":163}},"34":{"start":{"line":37,"column":20},"end":{"line":37,"column":60}},"35":{"start":{"line":38,"column":0},"end":{"line":38,"column":34}},"36":{"start":{"line":39,"column":17},"end":{"line":39,"column":54}},"37":{"start":{"line":40,"column":0},"end":{"line":40,"column":28}},"38":{"start":{"line":41,"column":37},"end":{"line":41,"column":82}},"39":{"start":{"line":42,"column":0},"end":{"line":42,"column":155}},"40":{"start":{"line":42,"column":93},"end":{"line":42,"column":149}},"41":{"start":{"line":43,"column":0},"end":{"line":43,"column":169}},"42":{"start":{"line":43,"column":100},"end":{"line":43,"column":163}},"43":{"start":{"line":44,"column":32},"end":{"line":44,"column":72}},"44":{"start":{"line":45,"column":0},"end":{"line":45,"column":154}},"45":{"start":{"line":45,"column":95},"end":{"line":45,"column":148}},"46":{"start":{"line":46,"column":19},"end":{"line":46,"column":56}},"47":{"start":{"line":47,"column":0},"end":{"line":47,"column":32}}},"fnMap":{"0":{"name":"(anonymous_0)","decl":{"start":{"line":6,"column":74},"end":{"line":6,"column":75}},"loc":{"start":{"line":6,"column":96},"end":{"line":13,"column":1}},"line":6},"1":{"name":"(anonymous_1)","decl":{"start":{"line":10,"column":38},"end":{"line":10,"column":39}},"loc":{"start":{"line":10,"column":49},"end":{"line":10,"column":65}},"line":10},"2":{"name":"(anonymous_2)","decl":{"start":{"line":13,"column":6},"end":{"line":13,"column":7}},"loc":{"start":{"line":13,"column":28},"end":{"line":16,"column":1}},"line":13},"3":{"name":"(anonymous_3)","decl":{"start":{"line":17,"column":80},"end":{"line":17,"column":81}},"loc":{"start":{"line":17,"column":95},"end":{"line":19,"column":1}},"line":17},"4":{"name":"(anonymous_4)","decl":{"start":{"line":19,"column":5},"end":{"line":19,"column":6}},"loc":{"start":{"line":19,"column":20},"end":{"line":21,"column":1}},"line":19},"5":{"name":"(anonymous_5)","decl":{"start":{"line":22,"column":50},"end":{"line":22,"column":51}},"loc":{"start":{"line":22,"column":65},"end":{"line":28,"column":1}},"line":22},"6":{"name":"(anonymous_6)","decl":{"start":{"line":32,"column":81},"end":{"line":32,"column":82}},"loc":{"start":{"line":32,"column":93},"end":{"line":32,"column":150}},"line":32},"7":{"name":"(anonymous_7)","decl":{"start":{"line":36,"column":86},"end":{"line":36,"column":87}},"loc":{"start":{"line":36,"column":98},"end":{"line":36,"column":165}},"line":36},"8":{"name":"(anonymous_8)","decl":{"start":{"line":42,"column":79},"end":{"line":42,"column":80}},"loc":{"start":{"line":42,"column":91},"end":{"line":42,"column":151}},"line":42},"9":{"name":"(anonymous_9)","decl":{"start":{"line":43,"column":86},"end":{"line":43,"column":87}},"loc":{"start":{"line":43,"column":98},"end":{"line":43,"column":165}},"line":43},"10":{"name":"(anonymous_10)","decl":{"start":{"line":45,"column":81},"end":{"line":45,"column":82}},"loc":{"start":{"line":45,"column":93},"end":{"line":45,"column":150}},"line":45}},"branchMap":{"0":{"loc":{"start":{"line":6,"column":22},"end":{"line":16,"column":3}},"type":"binary-expr","locations":[{"start":{"line":6,"column":23},"end":{"line":6,"column":27}},{"start":{"line":6,"column":31},"end":{"line":6,"column":51}},{"start":{"line":6,"column":57},"end":{"line":16,"column":2}}],"line":6},"1":{"loc":{"start":{"line":6,"column":57},"end":{"line":16,"column":2}},"type":"cond-expr","locations":[{"start":{"line":6,"column":74},"end":{"line":13,"column":1}},{"start":{"line":13,"column":6},"end":{"line":16,"column":1}}],"line":6},"2":{"loc":{"start":{"line":7,"column":4},"end":{"line":7,"column":33}},"type":"if","locations":[{"start":{"line":7,"column":4},"end":{"line":7,"column":33}},{"start":{"line":7,"column":4},"end":{"line":7,"column":33}}],"line":7},"3":{"loc":{"start":{"line":9,"column":4},"end":{"line":11,"column":5}},"type":"if","locations":[{"start":{"line":9,"column":4},"end":{"line":11,"column":5}},{"start":{"line":9,"column":4},"end":{"line":11,"column":5}}],"line":9},"4":{"loc":{"start":{"line":9,"column":8},"end":{"line":9,"column":85}},"type":"binary-expr","locations":[{"start":{"line":9,"column":8},"end":{"line":9,"column":13}},{"start":{"line":9,"column":18},"end":{"line":9,"column":84}}],"line":9},"5":{"loc":{"start":{"line":9,"column":18},"end":{"line":9,"column":84}},"type":"cond-expr","locations":[{"start":{"line":9,"column":34},"end":{"line":9,"column":47}},{"start":{"line":9,"column":50},"end":{"line":9,"column":84}}],"line":9},"6":{"loc":{"start":{"line":9,"column":50},"end":{"line":9,"column":84}},"type":"binary-expr","locations":[{"start":{"line":9,"column":50},"end":{"line":9,"column":63}},{"start":{"line":9,"column":67},"end":{"line":9,"column":84}}],"line":9},"7":{"loc":{"start":{"line":14,"column":4},"end":{"line":14,"column":33}},"type":"if","locations":[{"start":{"line":14,"column":4},"end":{"line":14,"column":33}},{"start":{"line":14,"column":4},"end":{"line":14,"column":33}}],"line":14},"8":{"loc":{"start":{"line":17,"column":25},"end":{"line":21,"column":2}},"type":"binary-expr","locations":[{"start":{"line":17,"column":26},"end":{"line":17,"column":30}},{"start":{"line":17,"column":34},"end":{"line":17,"column":57}},{"start":{"line":17,"column":63},"end":{"line":21,"column":1}}],"line":17},"9":{"loc":{"start":{"line":17,"column":63},"end":{"line":21,"column":1}},"type":"cond-expr","locations":[{"start":{"line":17,"column":80},"end":{"line":19,"column":1}},{"start":{"line":19,"column":5},"end":{"line":21,"column":1}}],"line":17},"10":{"loc":{"start":{"line":22,"column":19},"end":{"line":28,"column":1}},"type":"binary-expr","locations":[{"start":{"line":22,"column":20},"end":{"line":22,"column":24}},{"start":{"line":22,"column":28},"end":{"line":22,"column":45}},{"start":{"line":22,"column":50},"end":{"line":28,"column":1}}],"line":22},"11":{"loc":{"start":{"line":23,"column":4},"end":{"line":23,"column":42}},"type":"if","locations":[{"start":{"line":23,"column":4},"end":{"line":23,"column":42}},{"start":{"line":23,"column":4},"end":{"line":23,"column":42}}],"line":23},"12":{"loc":{"start":{"line":23,"column":8},"end":{"line":23,"column":29}},"type":"binary-expr","locations":[{"start":{"line":23,"column":8},"end":{"line":23,"column":11}},{"start":{"line":23,"column":15},"end":{"line":23,"column":29}}],"line":23},"13":{"loc":{"start":{"line":25,"column":4},"end":{"line":25,"column":141}},"type":"if","locations":[{"start":{"line":25,"column":4},"end":{"line":25,"column":141}},{"start":{"line":25,"column":4},"end":{"line":25,"column":141}}],"line":25},"14":{"loc":{"start":{"line":25,"column":40},"end":{"line":25,"column":141}},"type":"if","locations":[{"start":{"line":25,"column":40},"end":{"line":25,"column":141}},{"start":{"line":25,"column":40},"end":{"line":25,"column":141}}],"line":25},"15":{"loc":{"start":{"line":25,"column":44},"end":{"line":25,"column":107}},"type":"binary-expr","locations":[{"start":{"line":25,"column":44},"end":{"line":25,"column":59}},{"start":{"line":25,"column":63},"end":{"line":25,"column":107}}],"line":25}},"s":{"0":1,"1":0,"2":0,"3":0,"4":0,"5":0,"6":0,"7":0,"8":0,"9":0,"10":0,"11":1,"12":0,"13":0,"14":1,"15":4,"16":4,"17":0,"18":0,"19":0,"20":0,"21":0,"22":0,"23":0,"24":1,"25":1,"26":1,"27":1,"28":2,"29":1,"30":1,"31":1,"32":1,"33":0,"34":1,"35":1,"36":1,"37":1,"38":1,"39":1,"40":0,"41":1,"42":0,"43":1,"44":1,"45":0,"46":1,"47":1},"f":{"0":0,"1":0,"2":0,"3":0,"4":0,"5":4,"6":2,"7":0,"8":0,"9":0,"10":0},"b":{"0":[1,1,1],"1":[1,0],"2":[0,0],"3":[0,0],"4":[0,0],"5":[0,0],"6":[0,0],"7":[0,0],"8":[1,1,1],"9":[1,0],"10":[1,1,1],"11":[4,0],"12":[4,4],"13":[0,0],"14":[0,0],"15":[0,0]},"inputSourceMap":{"version":3,"file":"reality-capture.js","sourceRoot":"","sources":["../src/reality-capture.ts"],"names":[],"mappings":";AAAA;;;+FAG+F;;;;;;;;;;;;;;;;;;;;;;;;;;AAE/F,wEAAqE;AAUjE,sGAVK,6CAAqB,OAUL;AATzB,sDAAwC;AASb,0BAAO;AARlC,kFAA+E;AAS3E,2GATK,uDAA0B,OASL;AAR9B,6DAA+C;AAQf,kCAAW;AAP3C,uDAAyC;AAOI,4BAAQ;AANrD,mFAAqG;AAOjG,oGAPK,gDAAmB,OAOL;AAAE,2GAPK,uDAA0B,OAOL;AANnD,yEAAsE;AAOlE,sGAPK,6CAAqB,OAOL;AANzB,yDAA2C;AAOvC,gCAAU","sourcesContent":["/*---------------------------------------------------------------------------------------------\r\n* Copyright (c) Bentley Systems, Incorporated. All rights reserved.\r\n* See LICENSE.md in the project root for license terms and full copyright notice.\r\n*--------------------------------------------------------------------------------------------*/\r\n\r\nimport { ContextCaptureService } from \"./cccs/ContextCaptureService\";\r\nimport * as CCUtils from \"./cccs/Utils\";\r\nimport { RealityDataAnalysisService } from \"./rdas/RealityDataAnalysisService\";\r\nimport * as RDASettings from \"./rdas/Settings\";\r\nimport * as RDAUtils from \"./rdas/Utils\";\r\nimport { defaultProgressHook, RealityDataTransferBrowser } from \"./utils/RealityDataTransferBrowser\";\r\nimport { ReferenceTableBrowser } from \"./utils/ReferenceTableBrowser\";\r\nimport * as CommonData from \"./CommonData\";\r\n\r\nexport {\r\n    ContextCaptureService, CCUtils,\r\n    RealityDataAnalysisService, RDASettings, RDAUtils,\r\n    defaultProgressHook, RealityDataTransferBrowser,\r\n    ReferenceTableBrowser,\r\n    CommonData,\r\n};\r\n\r\n\r\n"]},"_coverageSchema":"1a1c01bbd47fc00a2c39e90264f33305004495a9","hash":"eb825e9daac184d9076aff20b834e712899b53f7","contentHash":"f59522414956b69b4c11b562c9910ea1b56b9f5d0140d2573b7b06df5571fb10"},"C:\\Users\\Denis.Biguenet\\Documents\\Acute3D\\reality-capture\\typescript\\sdk\\lib\\cccs\\ContextCaptureService.js":{"path":"C:\\Users\\Denis.Biguenet\\Documents\\Acute3D\\reality-capture\\typescript\\sdk\\lib\\cccs\\ContextCaptureService.js","statementMap":{"0":{"start":{"line":6,"column":22},"end":{"line":8,"column":1}},"1":{"start":{"line":7,"column":4},"end":{"line":7,"column":62}},"2":{"start":{"line":9,"column":0},"end":{"line":9,"column":62}},"3":{"start":{"line":10,"column":0},"end":{"line":10,"column":39}},"4":{"start":{"line":11,"column":16},"end":{"line":11,"column":34}},"5":{"start":{"line":12,"column":23},"end":{"line":12,"column":53}},"6":{"start":{"line":13,"column":16},"end":{"line":13,"column":49}},"7":{"start":{"line":25,"column":8},"end":{"line":25,"column":67}},"8":{"start":{"line":26,"column":8},"end":{"line":26,"column":55}},"9":{"start":{"line":27,"column":8},"end":{"line":28,"column":82}},"10":{"start":{"line":28,"column":12},"end":{"line":28,"column":82}},"11":{"start":{"line":39,"column":8},"end":{"line":78,"column":9}},"12":{"start":{"line":41,"column":24},"end":{"line":41,"column":63}},"13":{"start":{"line":42,"column":28},"end":{"line":46,"column":13}},"14":{"start":{"line":47,"column":12},"end":{"line":56,"column":131}},"15":{"start":{"line":48,"column":16},"end":{"line":48,"column":84}},"16":{"start":{"line":49,"column":17},"end":{"line":56,"column":131}},"17":{"start":{"line":50,"column":16},"end":{"line":50,"column":87}},"18":{"start":{"line":51,"column":17},"end":{"line":56,"column":131}},"19":{"start":{"line":52,"column":16},"end":{"line":52,"column":94}},"20":{"start":{"line":53,"column":17},"end":{"line":56,"column":131}},"21":{"start":{"line":54,"column":16},"end":{"line":54,"column":95}},"22":{"start":{"line":56,"column":16},"end":{"line":56,"column":131}},"23":{"start":{"line":57,"column":12},"end":{"line":59,"column":13}},"24":{"start":{"line":58,"column":16},"end":{"line":58,"column":93}},"25":{"start":{"line":60,"column":12},"end":{"line":60,"column":33}},"26":{"start":{"line":63,"column":25},"end":{"line":63,"column":28}},"27":{"start":{"line":64,"column":26},"end":{"line":64,"column":83}},"28":{"start":{"line":65,"column":12},"end":{"line":76,"column":13}},"29":{"start":{"line":66,"column":38},"end":{"line":66,"column":52}},"30":{"start":{"line":67,"column":16},"end":{"line":67,"column":46}},"31":{"start":{"line":68,"column":16},"end":{"line":68,"column":153}},"32":{"start":{"line":71,"column":37},"end":{"line":71,"column":42}},"33":{"start":{"line":72,"column":16},"end":{"line":75,"column":17}},"34":{"start":{"line":73,"column":20},"end":{"line":73,"column":54}},"35":{"start":{"line":74,"column":20},"end":{"line":74,"column":51}},"36":{"start":{"line":77,"column":12},"end":{"line":77,"column":84}},"37":{"start":{"line":85,"column":8},"end":{"line":85,"column":73}},"38":{"start":{"line":95,"column":19},"end":{"line":98,"column":9}},"39":{"start":{"line":99,"column":8},"end":{"line":100,"column":66}},"40":{"start":{"line":100,"column":12},"end":{"line":100,"column":66}},"41":{"start":{"line":101,"column":8},"end":{"line":107,"column":9}},"42":{"start":{"line":102,"column":29},"end":{"line":102,"column":88}},"43":{"start":{"line":103,"column":12},"end":{"line":103,"column":47}},"44":{"start":{"line":106,"column":12},"end":{"line":106,"column":41}},"45":{"start":{"line":114,"column":8},"end":{"line":114,"column":86}},"46":{"start":{"line":122,"column":25},"end":{"line":122,"column":92}},"47":{"start":{"line":123,"column":8},"end":{"line":129,"column":10}},"48":{"start":{"line":140,"column":29},"end":{"line":140,"column":46}},"49":{"start":{"line":141,"column":8},"end":{"line":141,"column":49}},"50":{"start":{"line":142,"column":21},"end":{"line":148,"column":9}},"51":{"start":{"line":149,"column":25},"end":{"line":149,"column":79}},"52":{"start":{"line":150,"column":8},"end":{"line":150,"column":37}},"53":{"start":{"line":157,"column":21},"end":{"line":157,"column":42}},"54":{"start":{"line":158,"column":8},"end":{"line":158,"column":79}},"55":{"start":{"line":165,"column":21},"end":{"line":167,"column":9}},"56":{"start":{"line":168,"column":8},"end":{"line":168,"column":76}},"57":{"start":{"line":175,"column":8},"end":{"line":175,"column":71}},"58":{"start":{"line":183,"column":25},"end":{"line":183,"column":91}},"59":{"start":{"line":184,"column":25},"end":{"line":184,"column":48}},"60":{"start":{"line":185,"column":22},"end":{"line":185,"column":53}},"61":{"start":{"line":186,"column":8},"end":{"line":186,"column":102}},"62":{"start":{"line":194,"column":25},"end":{"line":194,"column":77}},"63":{"start":{"line":195,"column":20},"end":{"line":195,"column":35}},"64":{"start":{"line":196,"column":30},"end":{"line":207,"column":9}},"65":{"start":{"line":208,"column":25},"end":{"line":208,"column":66}},"66":{"start":{"line":209,"column":8},"end":{"line":209,"column":42}},"67":{"start":{"line":210,"column":8},"end":{"line":223,"column":9}},"68":{"start":{"line":211,"column":12},"end":{"line":216,"column":14}},"69":{"start":{"line":217,"column":12},"end":{"line":217,"column":88}},"70":{"start":{"line":220,"column":12},"end":{"line":222,"column":14}},"71":{"start":{"line":224,"column":8},"end":{"line":230,"column":9}},"72":{"start":{"line":225,"column":12},"end":{"line":229,"column":14}},"73":{"start":{"line":231,"column":8},"end":{"line":231,"column":29}},"74":{"start":{"line":239,"column":21},"end":{"line":245,"column":9}},"75":{"start":{"line":246,"column":25},"end":{"line":246,"column":85}},"76":{"start":{"line":247,"column":8},"end":{"line":247,"column":38}},"77":{"start":{"line":250,"column":0},"end":{"line":250,"column":54}}},"fnMap":{"0":{"name":"(anonymous_0)","decl":{"start":{"line":6,"column":56},"end":{"line":6,"column":57}},"loc":{"start":{"line":6,"column":71},"end":{"line":8,"column":1}},"line":6},"1":{"name":"(anonymous_1)","decl":{"start":{"line":23,"column":4},"end":{"line":23,"column":5}},"loc":{"start":{"line":23,"column":42},"end":{"line":29,"column":5}},"line":23},"2":{"name":"(anonymous_2)","decl":{"start":{"line":37,"column":4},"end":{"line":37,"column":5}},"loc":{"start":{"line":37,"column":65},"end":{"line":79,"column":5}},"line":37},"3":{"name":"(anonymous_3)","decl":{"start":{"line":84,"column":4},"end":{"line":84,"column":5}},"loc":{"start":{"line":84,"column":23},"end":{"line":86,"column":5}},"line":84},"4":{"name":"(anonymous_4)","decl":{"start":{"line":94,"column":4},"end":{"line":94,"column":5}},"loc":{"start":{"line":94,"column":64},"end":{"line":108,"column":5}},"line":94},"5":{"name":"(anonymous_5)","decl":{"start":{"line":113,"column":4},"end":{"line":113,"column":5}},"loc":{"start":{"line":113,"column":39},"end":{"line":115,"column":5}},"line":113},"6":{"name":"(anonymous_6)","decl":{"start":{"line":121,"column":4},"end":{"line":121,"column":5}},"loc":{"start":{"line":121,"column":36},"end":{"line":130,"column":5}},"line":121},"7":{"name":"(anonymous_7)","decl":{"start":{"line":139,"column":4},"end":{"line":139,"column":5}},"loc":{"start":{"line":139,"column":55},"end":{"line":151,"column":5}},"line":139},"8":{"name":"(anonymous_8)","decl":{"start":{"line":156,"column":4},"end":{"line":156,"column":5}},"loc":{"start":{"line":156,"column":27},"end":{"line":159,"column":5}},"line":156},"9":{"name":"(anonymous_9)","decl":{"start":{"line":164,"column":4},"end":{"line":164,"column":5}},"loc":{"start":{"line":164,"column":24},"end":{"line":169,"column":5}},"line":164},"10":{"name":"(anonymous_10)","decl":{"start":{"line":174,"column":4},"end":{"line":174,"column":5}},"loc":{"start":{"line":174,"column":24},"end":{"line":176,"column":5}},"line":174},"11":{"name":"(anonymous_11)","decl":{"start":{"line":182,"column":4},"end":{"line":182,"column":5}},"loc":{"start":{"line":182,"column":29},"end":{"line":187,"column":5}},"line":182},"12":{"name":"(anonymous_12)","decl":{"start":{"line":193,"column":4},"end":{"line":193,"column":5}},"loc":{"start":{"line":193,"column":31},"end":{"line":232,"column":5}},"line":193},"13":{"name":"(anonymous_13)","decl":{"start":{"line":238,"column":4},"end":{"line":238,"column":5}},"loc":{"start":{"line":238,"column":50},"end":{"line":248,"column":5}},"line":238}},"branchMap":{"0":{"loc":{"start":{"line":6,"column":22},"end":{"line":8,"column":1}},"type":"binary-expr","locations":[{"start":{"line":6,"column":23},"end":{"line":6,"column":27}},{"start":{"line":6,"column":31},"end":{"line":6,"column":51}},{"start":{"line":6,"column":56},"end":{"line":8,"column":1}}],"line":6},"1":{"loc":{"start":{"line":7,"column":11},"end":{"line":7,"column":61}},"type":"cond-expr","locations":[{"start":{"line":7,"column":37},"end":{"line":7,"column":40}},{"start":{"line":7,"column":43},"end":{"line":7,"column":61}}],"line":7},"2":{"loc":{"start":{"line":7,"column":12},"end":{"line":7,"column":33}},"type":"binary-expr","locations":[{"start":{"line":7,"column":12},"end":{"line":7,"column":15}},{"start":{"line":7,"column":19},"end":{"line":7,"column":33}}],"line":7},"3":{"loc":{"start":{"line":27,"column":8},"end":{"line":28,"column":82}},"type":"if","locations":[{"start":{"line":27,"column":8},"end":{"line":28,"column":82}},{"start":{"line":27,"column":8},"end":{"line":28,"column":82}}],"line":27},"4":{"loc":{"start":{"line":47,"column":12},"end":{"line":56,"column":131}},"type":"if","locations":[{"start":{"line":47,"column":12},"end":{"line":56,"column":131}},{"start":{"line":47,"column":12},"end":{"line":56,"column":131}}],"line":47},"5":{"loc":{"start":{"line":49,"column":17},"end":{"line":56,"column":131}},"type":"if","locations":[{"start":{"line":49,"column":17},"end":{"line":56,"column":131}},{"start":{"line":49,"column":17},"end":{"line":56,"column":131}}],"line":49},"6":{"loc":{"start":{"line":51,"column":17},"end":{"line":56,"column":131}},"type":"if","locations":[{"start":{"line":51,"column":17},"end":{"line":56,"column":131}},{"start":{"line":51,"column":17},"end":{"line":56,"column":131}}],"line":51},"7":{"loc":{"start":{"line":53,"column":17},"end":{"line":56,"column":131}},"type":"if","locations":[{"start":{"line":53,"column":17},"end":{"line":56,"column":131}},{"start":{"line":53,"column":17},"end":{"line":56,"column":131}}],"line":53},"8":{"loc":{"start":{"line":57,"column":12},"end":{"line":59,"column":13}},"type":"if","locations":[{"start":{"line":57,"column":12},"end":{"line":59,"column":13}},{"start":{"line":57,"column":12},"end":{"line":59,"column":13}}],"line":57},"9":{"loc":{"start":{"line":65,"column":12},"end":{"line":76,"column":13}},"type":"if","locations":[{"start":{"line":65,"column":12},"end":{"line":76,"column":13}},{"start":{"line":65,"column":12},"end":{"line":76,"column":13}}],"line":65},"10":{"loc":{"start":{"line":68,"column":26},"end":{"line":68,"column":152}},"type":"cond-expr","locations":[{"start":{"line":68,"column":133},"end":{"line":68,"column":139}},{"start":{"line":68,"column":142},"end":{"line":68,"column":152}}],"line":68},"11":{"loc":{"start":{"line":68,"column":26},"end":{"line":68,"column":130}},"type":"binary-expr","locations":[{"start":{"line":68,"column":26},"end":{"line":68,"column":113}},{"start":{"line":68,"column":117},"end":{"line":68,"column":130}}],"line":68},"12":{"loc":{"start":{"line":68,"column":32},"end":{"line":68,"column":103}},"type":"cond-expr","locations":[{"start":{"line":68,"column":86},"end":{"line":68,"column":92}},{"start":{"line":68,"column":95},"end":{"line":68,"column":103}}],"line":68},"13":{"loc":{"start":{"line":68,"column":32},"end":{"line":68,"column":83}},"type":"binary-expr","locations":[{"start":{"line":68,"column":32},"end":{"line":68,"column":66}},{"start":{"line":68,"column":70},"end":{"line":68,"column":83}}],"line":68},"14":{"loc":{"start":{"line":72,"column":16},"end":{"line":75,"column":17}},"type":"if","locations":[{"start":{"line":72,"column":16},"end":{"line":75,"column":17}},{"start":{"line":72,"column":16},"end":{"line":75,"column":17}}],"line":72},"15":{"loc":{"start":{"line":99,"column":8},"end":{"line":100,"column":66}},"type":"if","locations":[{"start":{"line":99,"column":8},"end":{"line":100,"column":66}},{"start":{"line":99,"column":8},"end":{"line":100,"column":66}}],"line":99},"16":{"loc":{"start":{"line":210,"column":8},"end":{"line":223,"column":9}},"type":"if","locations":[{"start":{"line":210,"column":8},"end":{"line":223,"column":9}},{"start":{"line":210,"column":8},"end":{"line":223,"column":9}}],"line":210},"17":{"loc":{"start":{"line":224,"column":8},"end":{"line":230,"column":9}},"type":"if","locations":[{"start":{"line":224,"column":8},"end":{"line":230,"column":9}},{"start":{"line":224,"column":8},"end":{"line":230,"column":9}}],"line":224}},"s":{"0":1,"1":1,"2":1,"3":1,"4":1,"5":1,"6":1,"7":1,"8":1,"9":1,"10":0,"11":1,"12":1,"13":1,"14":1,"15":0,"16":1,"17":0,"18":1,"19":1,"20":0,"21":0,"22":0,"23":0,"24":0,"25":0,"26":1,"27":1,"28":1,"29":1,"30":1,"31":1,"32":0,"33":0,"34":0,"35":0,"36":1,"37":1,"38":0,"39":0,"40":0,"41":0,"42":0,"43":0,"44":0,"45":0,"46":0,"47":0,"48":1,"49":1,"50":1,"51":1,"52":0,"53":0,"54":0,"55":0,"56":0,"57":0,"58":0,"59":0,"60":0,"61":0,"62":0,"63":0,"64":0,"65":0,"66":0,"67":0,"68":0,"69":0,"70":0,"71":0,"72":0,"73":0,"74":0,"75":0,"76":0,"77":1},"f":{"0":1,"1":1,"2":1,"3":1,"4":0,"5":0,"6":0,"7":1,"8":0,"9":0,"10":0,"11":0,"12":0,"13":0},"b":{"0":[1,1,1],"1":[0,1],"2":[1,1],"3":[0,1],"4":[0,1],"5":[0,1],"6":[1,0],"7":[0,0],"8":[0,0],"9":[1,0],"10":[1,0],"11":[1,1],"12":[1,0],"13":[1,1],"14":[0,0],"15":[0,0],"16":[0,0],"17":[0,0]},"inputSourceMap":{"version":3,"file":"ContextCaptureService.js","sourceRoot":"","sources":["../../src/cccs/ContextCaptureService.ts"],"names":[],"mappings":";AAAA;;;+FAG+F;;;;;;AAG/F,mCAA6G;AAC7G,sDAAkE;AAElE,kDAA0B;AAE1B;;GAEG;AACH,MAAa,qBAAqB;IAO9B;;;;OAIG;IACH,YAAY,mBAAwC,EAAE,GAAY;QARlE,0BAA0B;QAClB,eAAU,GAAG,wCAAwC,CAAC;QAQ1D,IAAI,CAAC,mBAAmB,GAAG,mBAAmB,CAAC;QAC/C,IAAG,GAAG;YACF,IAAI,CAAC,UAAU,GAAG,UAAU,GAAG,GAAG,GAAG,gCAAgC,CAAC;IAC9E,CAAC;IAED;;;;;;OAMG;IACK,KAAK,CAAC,aAAa,CAAC,eAAuB,EAAE,MAAc,EAAE,KAAe,EAAE,OAAiB;;QACnG,IAAI;YACA,IAAI,QAAQ,CAAC;YACb,MAAM,GAAG,GAAG,IAAI,CAAC,UAAU,GAAG,GAAG,GAAG,eAAe,CAAC;YACpD,MAAM,OAAO,GACb;gBACI,cAAc,EAAE,kBAAkB;gBAClC,QAAQ,EAAE,iCAAiC;gBAC3C,eAAe,EAAE,MAAM,IAAI,CAAC,mBAAmB,CAAC,cAAc,EAAE;aACnE,CAAC;YAEF,IAAG,MAAM,KAAK,KAAK;gBACf,QAAQ,GAAG,MAAM,eAAK,CAAC,GAAG,CAAC,GAAG,EAAE,EAAC,OAAO,EAAE,GAAG,EAAE,MAAM,EAAC,CAAC,CAAC;iBACvD,IAAG,MAAM,KAAK,QAAQ;gBACvB,QAAQ,GAAG,MAAM,eAAK,CAAC,MAAM,CAAC,GAAG,EAAE,EAAC,OAAO,EAAE,GAAG,EAAE,MAAM,EAAC,CAAC,CAAC;iBAC1D,IAAG,MAAM,KAAK,MAAM;gBACrB,QAAQ,GAAG,MAAM,eAAK,CAAC,IAAI,CAAC,GAAG,EAAE,OAAO,EAAE,EAAC,OAAO,EAAE,GAAG,EAAE,MAAM,EAAC,CAAC,CAAC;iBACjE,IAAG,MAAM,KAAK,OAAO;gBACtB,QAAQ,GAAG,MAAM,eAAK,CAAC,KAAK,CAAC,GAAG,EAAE,OAAO,EAAE,EAAC,OAAO,EAAE,GAAG,EAAE,MAAM,EAAC,CAAC,CAAC;;gBAEnE,OAAO,OAAO,CAAC,MAAM,CAAC,IAAI,2BAAY,CAAC,4BAAa,CAAC,KAAK,EAAE,sBAAsB,CAAC,CAAC,CAAC;YAEzF,IAAI,CAAC,KAAK,CAAC,QAAQ,CAAC,QAAQ,CAAC,MAAM,CAAC,EAAE;gBAClC,OAAO,IAAI,2BAAY,CAAC,QAAQ,CAAC,MAAM,EAAE,QAAQ,CAAC,UAAU,CAAC,CAAC;aACjE;YAED,OAAO,QAAQ,CAAC,IAAI,CAAC;SAExB;QACD,OAAO,KAAU,EAAE;YACf,IAAI,MAAM,GAAG,GAAG,CAAC;YACjB,IAAI,OAAO,GAAG,yDAAyD,CAAC;YAExE,IAAI,eAAK,CAAC,YAAY,CAAC,KAAK,CAAC,EAAE;gBAC3B,MAAM,aAAa,GAAG,KAAK,CAAC,QAAS,CAAC;gBACtC,MAAM,GAAG,aAAa,CAAC,MAAM,CAAC;gBAC9B,OAAO,GAAG,MAAA,MAAA,aAAa,CAAC,IAAI,0CAAE,KAAK,0CAAE,OAAO,CAAC;aAChD;iBACI;gBACD,MAAM,YAAY,GAAG,KAAqB,CAAC;gBAC3C,IAAI,YAAY,KAAK,SAAS,EAAE;oBAC5B,MAAM,GAAG,YAAY,CAAC,WAAW,CAAC;oBAClC,OAAO,GAAG,YAAY,CAAC,OAAO,CAAC;iBAClC;aACJ;YACD,OAAO,OAAO,CAAC,MAAM,CAAC,IAAI,2BAAY,CAAC,MAAM,EAAE,OAAO,CAAC,CAAC,CAAC;SAC5D;IACL,CAAC;IAED;;;OAGG;IACI,MAAM,CAAC,SAAS;QACnB,OAAO,IAAI,GAAG,CAAC,CAAC,qBAAqB,EAAE,uBAAuB,CAAC,CAAC,CAAC;IACrE,CAAC;IAED;;;;;;OAMG;IACI,KAAK,CAAC,eAAe,CAAC,IAAY,EAAE,OAAe,EAAE,qBAA8B;QACtF,IAAI,IAAI,GAAQ;YACZ,MAAM,EAAE,IAAI;YACZ,SAAS,EAAE,OAAO;SACrB,CAAC;QACF,IAAG,qBAAqB;YACpB,IAAI,CAAC,uBAAuB,CAAC,GAAG,qBAAqB,CAAC;QAE1D,IAAI;YACA,MAAM,QAAQ,GAAG,MAAM,IAAI,CAAC,aAAa,CAAC,YAAY,EAAE,MAAM,EAAE,CAAC,GAAG,CAAC,EAAE,IAAI,CAAC,CAAC;YAC7E,OAAO,QAAQ,CAAC,WAAW,CAAC,CAAC,IAAI,CAAC,CAAC;SACtC;QACD,OAAO,KAAU,EAAE;YACf,OAAO,OAAO,CAAC,MAAM,CAAC,KAAK,CAAC,CAAC;SAChC;IACL,CAAC;IAED;;;OAGG;IACI,KAAK,CAAC,eAAe,CAAC,WAAmB;QAC5C,OAAO,MAAM,IAAI,CAAC,aAAa,CAAC,aAAa,GAAG,WAAW,EAAE,QAAQ,EAAE,CAAC,GAAG,CAAC,CAAC,CAAC;IAClF,CAAC;IAED;;;;OAIG;IACI,KAAK,CAAC,YAAY,CAAC,WAAmB;QACzC,MAAM,QAAQ,GAAG,MAAM,IAAI,CAAC,aAAa,CAAC,aAAa,GAAG,WAAW,EAAE,KAAK,EAAE,CAAC,GAAG,CAAC,CAAC,CAAC;QACrF,OAAO;YACH,EAAE,EAAE,QAAQ,CAAC,WAAW,CAAC,CAAC,IAAI,CAAC;YAC/B,eAAe,EAAE,QAAQ,CAAC,WAAW,CAAC,CAAC,iBAAiB,CAAC;YACzD,IAAI,EAAE,QAAQ,CAAC,WAAW,CAAC,CAAC,MAAM,CAAC;YACnC,OAAO,EAAE,QAAQ,CAAC,WAAW,CAAC,CAAC,SAAS,CAAC;YACzC,qBAAqB,EAAE,QAAQ,CAAC,WAAW,CAAC,CAAC,uBAAuB,CAAC;SACxE,CAAC;IACN,CAAC;IAED;;;;;;;OAOG;IACI,KAAK,CAAC,SAAS,CAAC,IAAe,EAAE,QAAuB,EAAE,IAAY,EAAE,WAAmB;QAC9F,MAAM,YAAY,GAAG,QAAQ,CAAC,MAAM,EAAE,CAAC;QACvC,OAAO,CAAC,GAAG,CAAC,aAAa,EAAE,YAAY,CAAC,CAAC;QACzC,MAAM,IAAI,GAAG;YACT,MAAM,EAAE,IAAI;YACZ,MAAM,EAAE,IAAI;YACZ,QAAQ,EAAE,YAAY,CAAC,MAAM;YAC7B,UAAU,EAAE,YAAY,CAAC,QAAQ;YACjC,aAAa,EAAE,WAAW;SAC7B,CAAC;QAEF,MAAM,QAAQ,GAAG,MAAM,IAAI,CAAC,aAAa,CAAC,OAAO,EAAE,MAAM,EAAE,CAAC,GAAG,CAAC,EAAE,IAAI,CAAC,CAAC;QACxE,OAAO,QAAQ,CAAC,KAAK,CAAC,CAAC,IAAI,CAAC,CAAC;IACjC,CAAC;IAED;;;OAGG;IACI,KAAK,CAAC,SAAS,CAAC,KAAa;QAChC,MAAM,IAAI,GAAG,EAAE,OAAO,EAAE,QAAQ,EAAE,CAAC;QACnC,OAAO,MAAM,IAAI,CAAC,aAAa,CAAC,OAAO,GAAG,KAAK,EAAE,OAAO,EAAE,CAAC,GAAG,CAAC,EAAE,IAAI,CAAC,CAAC;IAC3E,CAAC;IAED;;;OAGG;IACI,KAAK,CAAC,SAAS,CAAC,EAAU;QAC7B,MAAM,IAAI,GAAG;YACT,OAAO,EAAE,WAAW;SACvB,CAAC;QACF,OAAO,MAAM,IAAI,CAAC,aAAa,CAAC,OAAO,GAAG,EAAE,EAAE,OAAO,EAAE,CAAC,GAAG,CAAC,EAAE,IAAI,CAAC,CAAC;IACxE,CAAC;IAED;;;OAGG;IACI,KAAK,CAAC,SAAS,CAAC,EAAU;QAC7B,OAAO,MAAM,IAAI,CAAC,aAAa,CAAC,OAAO,GAAG,EAAE,EAAE,QAAQ,EAAE,CAAC,GAAG,CAAC,CAAC,CAAC;IACnE,CAAC;IAED;;;;OAIG;IACI,KAAK,CAAC,cAAc,CAAC,EAAU;QAClC,MAAM,QAAQ,GAAG,MAAM,IAAI,CAAC,aAAa,CAAC,OAAO,GAAG,EAAE,GAAG,WAAW,EAAE,KAAK,EAAE,CAAC,GAAG,CAAC,CAAC,CAAC;QACpF,MAAM,QAAQ,GAAG,QAAQ,CAAC,aAAa,CAAC,CAAC;QACzC,MAAM,KAAK,GAAI,QAAQ,CAAC,OAAO,CAAY,CAAC,WAAW,EAAE,CAAC;QAC1D,OAAO,EAAE,KAAK,EAAE,KAAiB,EAAE,QAAQ,EAAE,IAAI,CAAC,KAAK,CAAC,QAAQ,CAAC,YAAY,CAAC,CAAC,EAAE,IAAI,EAAE,QAAQ,CAAC,MAAM,CAAC,EAAE,CAAC;IAC9G,CAAC;IAED;;;;OAIG;IACI,KAAK,CAAC,gBAAgB,CAAC,EAAU;QACpC,MAAM,QAAQ,GAAG,MAAM,IAAI,CAAC,aAAa,CAAC,OAAO,GAAG,EAAE,EAAE,KAAK,EAAE,CAAC,GAAG,CAAC,CAAC,CAAC;QACtE,MAAM,GAAG,GAAG,QAAQ,CAAC,KAAK,CAAC,CAAC;QAC5B,MAAM,aAAa,GAAoB;YACnC,IAAI,EAAE,GAAG,CAAC,MAAM,CAAC;YACjB,IAAI,EAAE,GAAG,CAAC,MAAM,CAAC;YACjB,OAAO,EAAE,GAAG,CAAC,SAAS,CAAC;YACvB,QAAQ,EAAE,IAAI,qBAAa,EAAE;YAC7B,WAAW,EAAE,GAAG,CAAC,aAAa,CAAC;YAC/B,EAAE,EAAE,GAAG,CAAC,IAAI,CAAC;YACb,KAAK,EAAE,GAAG,CAAC,OAAO,CAAC;YACnB,KAAK,EAAE,GAAG,CAAC,OAAO,CAAC;YACnB,QAAQ,EAAE,GAAG,CAAC,YAAY,CAAC;YAC3B,aAAa,EAAE,GAAG,CAAC,eAAe,CAAC;SACtC,CAAC;QAEF,MAAM,QAAQ,GAAG,MAAM,qBAAa,CAAC,QAAQ,CAAC,GAAG,CAAC,CAAC;QACnD,aAAa,CAAC,QAAQ,GAAG,QAAQ,CAAC;QAElC,IAAI,GAAG,CAAC,sBAAsB,CAAC,EAAE;YAC7B,aAAa,CAAC,KAAK,GAAG;gBAClB,eAAe,EAAE,GAAG,CAAC,iBAAiB,CAAC;gBACvC,kBAAkB,EAAE,GAAG,CAAC,sBAAsB,CAAC,CAAC,mBAAmB,CAAC;gBACpE,eAAe,EAAE,GAAG,CAAC,sBAAsB,CAAC,CAAC,iBAAiB,CAAC;gBAC/D,aAAa,EAAE,GAAG,CAAC,sBAAsB,CAAC,CAAC,eAAe,CAAC;aAC9D,CAAC;YACF,aAAa,CAAC,aAAa,GAAG,GAAG,CAAC,sBAAsB,CAAC,CAAC,gBAAgB,CAAC,CAAC;SAC/E;aACI;YACD,aAAa,CAAC,KAAK,GAAG;gBAClB,eAAe,EAAE,GAAG,CAAC,iBAAiB,CAAC;aAC1C,CAAC;SACL;QAED,IAAI,GAAG,CAAC,0BAA0B,CAAC,EAAE;YACjC,aAAa,CAAC,wBAAwB,GAAG;gBACrC,UAAU,EAAE,GAAG,CAAC,0BAA0B,CAAC,CAAC,YAAY,CAAC;gBACzD,UAAU,EAAE,GAAG,CAAC,0BAA0B,CAAC,CAAC,YAAY,CAAC;gBACzD,WAAW,EAAE,GAAG,CAAC,0BAA0B,CAAC,CAAC,aAAa,CAAC;aAC9D,CAAC;SACL;QAED,OAAO,aAAa,CAAC;IACzB,CAAC;IAED;;;;OAIG;IACI,KAAK,CAAC,mBAAmB,CAAC,EAAU,EAAE,cAAgC;QACzE,MAAM,IAAI,GAAG;YACT,wBAAwB,EAAE;gBACtB,UAAU,EAAE,cAAc,CAAC,UAAU;gBACrC,UAAU,EAAE,cAAc,CAAC,UAAU;gBACrC,WAAW,EAAE,cAAc,CAAC,WAAW;aAC1C;SACJ,CAAC;QACF,MAAM,QAAQ,GAAG,MAAM,IAAI,CAAC,aAAa,CAAC,OAAO,GAAG,EAAE,EAAE,OAAO,EAAE,CAAC,GAAG,CAAC,EAAE,IAAI,CAAC,CAAC;QAC9E,OAAO,QAAQ,CAAC,aAAa,CAAC;IAClC,CAAC;CACJ;AAnQD,sDAmQC","sourcesContent":["/*---------------------------------------------------------------------------------------------\r\n* Copyright (c) Bentley Systems, Incorporated. All rights reserved.\r\n* See LICENSE.md in the project root for license terms and full copyright notice.\r\n*--------------------------------------------------------------------------------------------*/\r\n\r\nimport { JobProgress, JobState } from \"../CommonData\";\r\nimport { CCCostParameters, CCJobProperties, CCJobSettings, CCJobType, CCWorkspaceProperties } from \"./Utils\";\r\nimport { BentleyError, BentleyStatus } from \"@itwin/core-bentley\";\r\nimport { AuthorizationClient } from \"@itwin/core-common\";\r\nimport axios from \"axios\";\r\n\r\n/**\r\n * Service handling communication with Context Capture Service\r\n */\r\nexport class ContextCaptureService {\r\n    /** Authorization client to generate access token. */\r\n    private authorizationClient: AuthorizationClient;\r\n\r\n    /** Target service url. */\r\n    private serviceUrl = \"https://api.bentley.com/contextcapture\";\r\n\r\n    /**\r\n     * Create a new ContextCaptureService.\r\n     * @param {AuthorizationClient} authorizationClient Authorization client to generate access token.\r\n     * @param {string} env (optional) Target environment.\r\n     */\r\n    constructor(authorizationClient: AuthorizationClient, env?: string) {\r\n        this.authorizationClient = authorizationClient;\r\n        if(env)\r\n            this.serviceUrl = \"https://\" + env + \"api.bentley.com/contextcapture\";\r\n    }\r\n\r\n    /**\r\n     * @private\r\n     * @param {string} apiOperationUrl API operation url.\r\n     * @param {string} method HTTP method.\r\n     * @param {unknown} payload (optional) Request body.\r\n     * @returns {any} Request response.\r\n     */\r\n    private async submitRequest(apiOperationUrl: string, method: string, okRet: number[], payload?: unknown): Promise<any> {\r\n        try {\r\n            let response;\r\n            const url = this.serviceUrl + \"/\" + apiOperationUrl;\r\n            const headers =\r\n            {\r\n                \"content-type\": \"application/json\",\r\n                \"accept\": \"application/vnd.bentley.v1+json\",\r\n                \"authorization\": await this.authorizationClient.getAccessToken(),\r\n            };\r\n\r\n            if(method === \"GET\")\r\n                response = await axios.get(url, {headers, url, method});\r\n            else if(method === \"DELETE\")\r\n                response = await axios.delete(url, {headers, url, method});\r\n            else if(method === \"POST\")\r\n                response = await axios.post(url, payload, {headers, url, method});\r\n            else if(method === \"PATCH\")\r\n                response = await axios.patch(url, payload, {headers, url, method});\r\n            else \r\n                return Promise.reject(new BentleyError(BentleyStatus.ERROR, \"Wrong request method\"));\r\n\r\n            if (!okRet.includes(response.status)) {\r\n                return new BentleyError(response.status, response.statusText);\r\n            }\r\n\r\n            return response.data;\r\n\r\n        }\r\n        catch (error: any) {\r\n            let status = 422;\r\n            let message = \"Unknown error. Please ensure that the request is valid.\";\r\n\r\n            if (axios.isAxiosError(error)) {\r\n                const axiosResponse = error.response!;\r\n                status = axiosResponse.status;\r\n                message = axiosResponse.data?.error?.message;\r\n            } \r\n            else {\r\n                const bentleyError = error as BentleyError;\r\n                if (bentleyError !== undefined) {\r\n                    status = bentleyError.errorNumber;\r\n                    message = bentleyError.message;\r\n                }\r\n            }\r\n            return Promise.reject(new BentleyError(status, message));\r\n        }\r\n    }\r\n\r\n    /**\r\n     * Get scopes required for this service.\r\n     * @returns {Set<string>} Set of required minimal scopes.\r\n     */\r\n    public static getScopes(): Set<string> {\r\n        return new Set([\"contextcapture:read\", \"contextcapture:modify\"]);\r\n    }\r\n\r\n    /**\r\n     * Create a workspace corresponding to the given parameters.\r\n     * @param {string} name Workspace name.\r\n     * @param {string} iTwinId iTwinId associated to the workspace.\r\n     * @param {string} contextCaptureVersion (optional) Version of ContextCapture to be used for this workspace.\r\n     * @returns {string} created workspace id.\r\n     */\r\n    public async createWorkspace(name: string, iTwinId: string, contextCaptureVersion?: string): Promise<string> {\r\n        let body: any = {\r\n            \"name\": name,\r\n            \"iTwinId\": iTwinId           \r\n        };\r\n        if(contextCaptureVersion)\r\n            body[\"contextCaptureVersion\"] = contextCaptureVersion;\r\n        \r\n        try {\r\n            const response = await this.submitRequest(\"workspaces\", \"POST\", [201], body);\r\n            return response[\"workspace\"][\"id\"];\r\n        }\r\n        catch (error: any) {\r\n            return Promise.reject(error);\r\n        }\r\n    }\r\n\r\n    /**\r\n     * Delete a workspace.\r\n     * @param {string} workspaceId The ID of the relevant workspace.\r\n     */\r\n    public async deleteWorkspace(workspaceId: string): Promise<void> {\r\n        return await this.submitRequest(\"workspaces/\" + workspaceId, \"DELETE\", [204]);\r\n    }\r\n\r\n    /**\r\n     * Get a workspace.\r\n     * @param {string} workspaceId The ID of the relevant workspace.\r\n     * @returns {CCWorkspaceProperties} Workspace properties.\r\n     */\r\n    public async getWorkspace(workspaceId: string): Promise<CCWorkspaceProperties> {\r\n        const response = await this.submitRequest(\"workspaces/\" + workspaceId, \"GET\", [200]);\r\n        return {\r\n            id: response[\"workspace\"][\"id\"],\r\n            createdDateTime: response[\"workspace\"][\"createdDateTime\"],\r\n            name: response[\"workspace\"][\"name\"],\r\n            iTwinId: response[\"workspace\"][\"iTwinId\"],\r\n            contextCaptureVersion: response[\"workspace\"][\"contextCaptureVersion\"],\r\n        };\r\n    }\r\n\r\n    /**\r\n     * Create a job corresponding to the given settings.\r\n     * @param {CCJobType} type Job type.\r\n     * @param {CCJobSettings} settings Settings for the job.\r\n     * @param {string} name Name for the job.\r\n     * @param {string} workspaceId Workspace associated to this job.\r\n     * @returns {string} Created job id.\r\n     */\r\n    public async createJob(type: CCJobType, settings: CCJobSettings, name: string, workspaceId: string): Promise<string> {\r\n        const settingsJson = settings.toJson();\r\n        console.log(\"settings : \", settingsJson);\r\n        const body = {\r\n            \"type\": type,\r\n            \"name\": name,\r\n            \"inputs\": settingsJson.inputs,\r\n            \"settings\": settingsJson.settings,\r\n            \"workspaceId\": workspaceId,\r\n        };\r\n\r\n        const response = await this.submitRequest(\"jobs/\", \"POST\", [201], body);\r\n        return response[\"job\"][\"id\"];\r\n    }\r\n\r\n    /**\r\n     * Submit a job.\r\n     * @param {string} jobId The ID of the relevant job.\r\n     */\r\n    public async submitJob(jobId: string): Promise<void> {\r\n        const body = { \"state\": \"active\" };\r\n        return await this.submitRequest(\"jobs/\" + jobId, \"PATCH\", [200], body);\r\n    }\r\n\r\n    /**\r\n     * Cancel a job.\r\n     * @param {string} id The ID of the relevant job.\r\n     */\r\n    public async cancelJob(id: string): Promise<void> {\r\n        const body = {\r\n            \"state\": \"cancelled\",\r\n        };\r\n        return await this.submitRequest(\"jobs/\" + id, \"PATCH\", [200], body);\r\n    }\r\n\r\n    /**\r\n     * Delete a job.\r\n     * @param {string} id The ID of the relevant job.\r\n     */\r\n    public async deleteJob(id: string): Promise<void> {\r\n        return await this.submitRequest(\"jobs/\" + id, \"DELETE\", [204]);\r\n    }\r\n\r\n    /**\r\n     * Get progress for a given job.\r\n     * @param {string} id The ID of the relevant job.\r\n     * @returns {JobProgress} The progress for the job.\r\n     */\r\n    public async getJobProgress(id: string): Promise<JobProgress> {\r\n        const response = await this.submitRequest(\"jobs/\" + id + \"/progress\", \"GET\", [200]);\r\n        const progress = response[\"jobProgress\"];\r\n        const state = (progress[\"state\"] as string).toLowerCase();\r\n        return { state: state as JobState, progress: JSON.parse(progress[\"percentage\"]), step: progress[\"step\"] };\r\n    }\r\n\r\n    /**\r\n     * Get all properties for a given job.\r\n     * @param {string} id The ID of the relevant job.\r\n     * @returns {RDAJobProperties} The job properties.\r\n     */\r\n    public async getJobProperties(id: string): Promise<CCJobProperties> {\r\n        const response = await this.submitRequest(\"jobs/\" + id, \"GET\", [200]);\r\n        const job = response[\"job\"];\r\n        const jobProperties: CCJobProperties = {\r\n            name: job[\"name\"],\r\n            type: job[\"type\"],\r\n            iTwinId: job[\"iTwinId\"],\r\n            settings: new CCJobSettings(),\r\n            workspaceId: job[\"workspaceId\"],\r\n            id: job[\"id\"],\r\n            email: job[\"email\"],\r\n            state: job[\"state\"],\r\n            location: job[\"dataCenter\"],\r\n            estimatedCost: job[\"estimatedCost\"],\r\n        };\r\n\r\n        const settings = await CCJobSettings.fromJson(job);\r\n        jobProperties.settings = settings;\r\n\r\n        if (job[\"executionInformation\"]) {\r\n            jobProperties.dates = {\r\n                createdDateTime: job[\"createdDateTime\"],\r\n                submissionDateTime: job[\"executionInformation\"][\"submittedDateTime\"],\r\n                startedDateTime: job[\"executionInformation\"][\"startedDateTime\"],\r\n                endedDateTime: job[\"executionInformation\"][\"endedDateTime\"],\r\n            };\r\n            jobProperties.executionCost = job[\"executionInformation\"][\"estimatedUnits\"];\r\n        }\r\n        else {\r\n            jobProperties.dates = {\r\n                createdDateTime: job[\"createdDateTime\"]\r\n            };\r\n        }\r\n\r\n        if (job[\"costEstimationParameters\"]) {\r\n            jobProperties.costEstimationParameters = {\r\n                gigaPixels: job[\"costEstimationParameters\"][\"gigaPixels\"],\r\n                megaPoints: job[\"costEstimationParameters\"][\"megaPoints\"],\r\n                meshQuality: job[\"costEstimationParameters\"][\"meshQuality\"],\r\n            };\r\n        }\r\n\r\n        return jobProperties;\r\n    }\r\n\r\n    /**\r\n     * Get the estimated cost of a given job.\r\n     * @param {string} id The ID of the relevant job.\r\n     * @returns {number} The job cost estimation.\r\n     */\r\n    public async getJobEstimatedCost(id: string, costParameters: CCCostParameters): Promise<number> {\r\n        const body = {\r\n            costEstimationParameters: {\r\n                gigaPixels: costParameters.gigaPixels,\r\n                megaPoints: costParameters.megaPoints,\r\n                meshQuality: costParameters.meshQuality,\r\n            }\r\n        };\r\n        const response = await this.submitRequest(\"jobs/\" + id, \"PATCH\", [200], body);\r\n        return response.estimatedCost;\r\n    }\r\n}"]},"_coverageSchema":"1a1c01bbd47fc00a2c39e90264f33305004495a9","hash":"457d240cf406e3a78c322e08fd4ff87413e27ef6","contentHash":"43293638815f9ed2590b13f11bf572562c10fbf0662dceef54b4073d8fb524e7"},"C:\\Users\\Denis.Biguenet\\Documents\\Acute3D\\reality-capture\\typescript\\sdk\\lib\\cccs\\Utils.js":{"path":"C:\\Users\\Denis.Biguenet\\Documents\\Acute3D\\reality-capture\\typescript\\sdk\\lib\\cccs\\Utils.js","statementMap":{"0":{"start":{"line":6,"column":0},"end":{"line":6,"column":62}},"1":{"start":{"line":7,"column":0},"end":{"line":7,"column":74}},"2":{"start":{"line":8,"column":23},"end":{"line":8,"column":53}},"3":{"start":{"line":11,"column":0},"end":{"line":16,"column":62}},"4":{"start":{"line":12,"column":4},"end":{"line":12,"column":41}},"5":{"start":{"line":13,"column":4},"end":{"line":13,"column":45}},"6":{"start":{"line":14,"column":4},"end":{"line":14,"column":51}},"7":{"start":{"line":15,"column":4},"end":{"line":15,"column":31}},"8":{"start":{"line":19,"column":0},"end":{"line":24,"column":71}},"9":{"start":{"line":20,"column":4},"end":{"line":20,"column":40}},"10":{"start":{"line":21,"column":4},"end":{"line":21,"column":36}},"11":{"start":{"line":22,"column":4},"end":{"line":22,"column":38}},"12":{"start":{"line":23,"column":4},"end":{"line":23,"column":36}},"13":{"start":{"line":34,"column":8},"end":{"line":34,"column":31}},"14":{"start":{"line":39,"column":8},"end":{"line":39,"column":31}},"15":{"start":{"line":44,"column":8},"end":{"line":44,"column":26}},"16":{"start":{"line":49,"column":8},"end":{"line":49,"column":26}},"17":{"start":{"line":54,"column":8},"end":{"line":54,"column":39}},"18":{"start":{"line":59,"column":8},"end":{"line":59,"column":32}},"19":{"start":{"line":64,"column":8},"end":{"line":64,"column":22}},"20":{"start":{"line":69,"column":8},"end":{"line":69,"column":29}},"21":{"start":{"line":74,"column":8},"end":{"line":74,"column":22}},"22":{"start":{"line":79,"column":8},"end":{"line":79,"column":22}},"23":{"start":{"line":84,"column":8},"end":{"line":84,"column":22}},"24":{"start":{"line":89,"column":8},"end":{"line":89,"column":23}},"25":{"start":{"line":94,"column":8},"end":{"line":94,"column":22}},"26":{"start":{"line":99,"column":8},"end":{"line":99,"column":32}},"27":{"start":{"line":104,"column":8},"end":{"line":104,"column":22}},"28":{"start":{"line":109,"column":8},"end":{"line":109,"column":22}},"29":{"start":{"line":114,"column":8},"end":{"line":114,"column":22}},"30":{"start":{"line":124,"column":8},"end":{"line":124,"column":25}},"31":{"start":{"line":130,"column":8},"end":{"line":130,"column":39}},"32":{"start":{"line":135,"column":8},"end":{"line":135,"column":48}},"33":{"start":{"line":140,"column":8},"end":{"line":140,"column":25}},"34":{"start":{"line":147,"column":21},"end":{"line":147,"column":23}},"35":{"start":{"line":148,"column":8},"end":{"line":148,"column":28}},"36":{"start":{"line":149,"column":8},"end":{"line":151,"column":9}},"37":{"start":{"line":150,"column":12},"end":{"line":150,"column":49}},"38":{"start":{"line":152,"column":8},"end":{"line":152,"column":30}},"39":{"start":{"line":153,"column":8},"end":{"line":153,"column":41}},"40":{"start":{"line":154,"column":8},"end":{"line":155,"column":64}},"41":{"start":{"line":155,"column":12},"end":{"line":155,"column":64}},"42":{"start":{"line":156,"column":8},"end":{"line":157,"column":52}},"43":{"start":{"line":157,"column":12},"end":{"line":157,"column":52}},"44":{"start":{"line":158,"column":8},"end":{"line":159,"column":57}},"45":{"start":{"line":159,"column":12},"end":{"line":159,"column":57}},"46":{"start":{"line":160,"column":8},"end":{"line":161,"column":70}},"47":{"start":{"line":161,"column":12},"end":{"line":161,"column":70}},"48":{"start":{"line":162,"column":8},"end":{"line":163,"column":52}},"49":{"start":{"line":163,"column":12},"end":{"line":163,"column":52}},"50":{"start":{"line":164,"column":8},"end":{"line":165,"column":52}},"51":{"start":{"line":165,"column":12},"end":{"line":165,"column":52}},"52":{"start":{"line":166,"column":8},"end":{"line":167,"column":62}},"53":{"start":{"line":167,"column":12},"end":{"line":167,"column":62}},"54":{"start":{"line":168,"column":8},"end":{"line":169,"column":52}},"55":{"start":{"line":169,"column":12},"end":{"line":169,"column":52}},"56":{"start":{"line":170,"column":8},"end":{"line":171,"column":52}},"57":{"start":{"line":171,"column":12},"end":{"line":171,"column":52}},"58":{"start":{"line":172,"column":8},"end":{"line":173,"column":52}},"59":{"start":{"line":173,"column":12},"end":{"line":173,"column":52}},"60":{"start":{"line":174,"column":8},"end":{"line":175,"column":63}},"61":{"start":{"line":175,"column":12},"end":{"line":175,"column":63}},"62":{"start":{"line":176,"column":8},"end":{"line":177,"column":63}},"63":{"start":{"line":177,"column":12},"end":{"line":177,"column":63}},"64":{"start":{"line":178,"column":8},"end":{"line":179,"column":52}},"65":{"start":{"line":179,"column":12},"end":{"line":179,"column":52}},"66":{"start":{"line":180,"column":8},"end":{"line":181,"column":52}},"67":{"start":{"line":181,"column":12},"end":{"line":181,"column":52}},"68":{"start":{"line":182,"column":8},"end":{"line":183,"column":52}},"69":{"start":{"line":183,"column":12},"end":{"line":183,"column":52}},"70":{"start":{"line":184,"column":8},"end":{"line":185,"column":52}},"71":{"start":{"line":185,"column":12},"end":{"line":185,"column":52}},"72":{"start":{"line":186,"column":8},"end":{"line":187,"column":61}},"73":{"start":{"line":187,"column":12},"end":{"line":187,"column":61}},"74":{"start":{"line":188,"column":8},"end":{"line":193,"column":9}},"75":{"start":{"line":189,"column":12},"end":{"line":192,"column":14}},"76":{"start":{"line":194,"column":8},"end":{"line":196,"column":9}},"77":{"start":{"line":195,"column":12},"end":{"line":195,"column":59}},"78":{"start":{"line":197,"column":8},"end":{"line":199,"column":9}},"79":{"start":{"line":198,"column":12},"end":{"line":198,"column":65}},"80":{"start":{"line":200,"column":8},"end":{"line":200,"column":20}},"81":{"start":{"line":208,"column":31},"end":{"line":208,"column":50}},"82":{"start":{"line":209,"column":8},"end":{"line":211,"column":9}},"83":{"start":{"line":210,"column":12},"end":{"line":210,"column":52}},"84":{"start":{"line":212,"column":28},"end":{"line":212,"column":66}},"85":{"start":{"line":213,"column":8},"end":{"line":250,"column":9}},"86":{"start":{"line":214,"column":12},"end":{"line":249,"column":161}},"87":{"start":{"line":215,"column":16},"end":{"line":215,"column":68}},"88":{"start":{"line":216,"column":17},"end":{"line":249,"column":161}},"89":{"start":{"line":217,"column":16},"end":{"line":217,"column":58}},"90":{"start":{"line":218,"column":17},"end":{"line":249,"column":161}},"91":{"start":{"line":219,"column":16},"end":{"line":219,"column":59}},"92":{"start":{"line":220,"column":17},"end":{"line":249,"column":161}},"93":{"start":{"line":221,"column":16},"end":{"line":221,"column":58}},"94":{"start":{"line":222,"column":17},"end":{"line":249,"column":161}},"95":{"start":{"line":223,"column":16},"end":{"line":223,"column":58}},"96":{"start":{"line":224,"column":17},"end":{"line":249,"column":161}},"97":{"start":{"line":225,"column":16},"end":{"line":225,"column":68}},"98":{"start":{"line":226,"column":17},"end":{"line":249,"column":161}},"99":{"start":{"line":227,"column":16},"end":{"line":227,"column":58}},"100":{"start":{"line":228,"column":17},"end":{"line":249,"column":161}},"101":{"start":{"line":229,"column":16},"end":{"line":229,"column":58}},"102":{"start":{"line":230,"column":17},"end":{"line":249,"column":161}},"103":{"start":{"line":231,"column":16},"end":{"line":231,"column":58}},"104":{"start":{"line":232,"column":17},"end":{"line":249,"column":161}},"105":{"start":{"line":233,"column":16},"end":{"line":233,"column":67}},"106":{"start":{"line":234,"column":17},"end":{"line":249,"column":161}},"107":{"start":{"line":235,"column":16},"end":{"line":235,"column":65}},"108":{"start":{"line":236,"column":17},"end":{"line":249,"column":161}},"109":{"start":{"line":237,"column":16},"end":{"line":237,"column":58}},"110":{"start":{"line":238,"column":17},"end":{"line":249,"column":161}},"111":{"start":{"line":239,"column":16},"end":{"line":239,"column":58}},"112":{"start":{"line":240,"column":17},"end":{"line":249,"column":161}},"113":{"start":{"line":241,"column":16},"end":{"line":241,"column":62}},"114":{"start":{"line":242,"column":17},"end":{"line":249,"column":161}},"115":{"start":{"line":243,"column":16},"end":{"line":243,"column":62}},"116":{"start":{"line":244,"column":17},"end":{"line":249,"column":161}},"117":{"start":{"line":245,"column":16},"end":{"line":245,"column":67}},"118":{"start":{"line":246,"column":17},"end":{"line":249,"column":161}},"119":{"start":{"line":247,"column":16},"end":{"line":247,"column":75}},"120":{"start":{"line":249,"column":16},"end":{"line":249,"column":161}},"121":{"start":{"line":251,"column":8},"end":{"line":255,"column":14}},"122":{"start":{"line":252,"column":12},"end":{"line":255,"column":14}},"123":{"start":{"line":256,"column":8},"end":{"line":257,"column":80}},"124":{"start":{"line":257,"column":12},"end":{"line":257,"column":80}},"125":{"start":{"line":258,"column":8},"end":{"line":259,"column":86}},"126":{"start":{"line":259,"column":12},"end":{"line":259,"column":86}},"127":{"start":{"line":260,"column":8},"end":{"line":260,"column":30}},"128":{"start":{"line":263,"column":0},"end":{"line":263,"column":38}}},"fnMap":{"0":{"name":"(anonymous_0)","decl":{"start":{"line":11,"column":1},"end":{"line":11,"column":2}},"loc":{"start":{"line":11,"column":22},"end":{"line":16,"column":1}},"line":11},"1":{"name":"(anonymous_1)","decl":{"start":{"line":19,"column":1},"end":{"line":19,"column":2}},"loc":{"start":{"line":19,"column":25},"end":{"line":24,"column":1}},"line":19},"2":{"name":"(anonymous_2)","decl":{"start":{"line":29,"column":4},"end":{"line":29,"column":5}},"loc":{"start":{"line":29,"column":18},"end":{"line":115,"column":5}},"line":29},"3":{"name":"(anonymous_3)","decl":{"start":{"line":119,"column":4},"end":{"line":119,"column":5}},"loc":{"start":{"line":119,"column":18},"end":{"line":141,"column":5}},"line":119},"4":{"name":"(anonymous_4)","decl":{"start":{"line":146,"column":4},"end":{"line":146,"column":5}},"loc":{"start":{"line":146,"column":13},"end":{"line":201,"column":5}},"line":146},"5":{"name":"(anonymous_5)","decl":{"start":{"line":207,"column":4},"end":{"line":207,"column":5}},"loc":{"start":{"line":207,"column":40},"end":{"line":261,"column":5}},"line":207}},"branchMap":{"0":{"loc":{"start":{"line":16,"column":15},"end":{"line":16,"column":60}},"type":"binary-expr","locations":[{"start":{"line":16,"column":15},"end":{"line":16,"column":32}},{"start":{"line":16,"column":37},"end":{"line":16,"column":59}}],"line":16},"1":{"loc":{"start":{"line":24,"column":18},"end":{"line":24,"column":69}},"type":"binary-expr","locations":[{"start":{"line":24,"column":18},"end":{"line":24,"column":38}},{"start":{"line":24,"column":43},"end":{"line":24,"column":68}}],"line":24},"2":{"loc":{"start":{"line":154,"column":8},"end":{"line":155,"column":64}},"type":"if","locations":[{"start":{"line":154,"column":8},"end":{"line":155,"column":64}},{"start":{"line":154,"column":8},"end":{"line":155,"column":64}}],"line":154},"3":{"loc":{"start":{"line":156,"column":8},"end":{"line":157,"column":52}},"type":"if","locations":[{"start":{"line":156,"column":8},"end":{"line":157,"column":52}},{"start":{"line":156,"column":8},"end":{"line":157,"column":52}}],"line":156},"4":{"loc":{"start":{"line":158,"column":8},"end":{"line":159,"column":57}},"type":"if","locations":[{"start":{"line":158,"column":8},"end":{"line":159,"column":57}},{"start":{"line":158,"column":8},"end":{"line":159,"column":57}}],"line":158},"5":{"loc":{"start":{"line":160,"column":8},"end":{"line":161,"column":70}},"type":"if","locations":[{"start":{"line":160,"column":8},"end":{"line":161,"column":70}},{"start":{"line":160,"column":8},"end":{"line":161,"column":70}}],"line":160},"6":{"loc":{"start":{"line":162,"column":8},"end":{"line":163,"column":52}},"type":"if","locations":[{"start":{"line":162,"column":8},"end":{"line":163,"column":52}},{"start":{"line":162,"column":8},"end":{"line":163,"column":52}}],"line":162},"7":{"loc":{"start":{"line":164,"column":8},"end":{"line":165,"column":52}},"type":"if","locations":[{"start":{"line":164,"column":8},"end":{"line":165,"column":52}},{"start":{"line":164,"column":8},"end":{"line":165,"column":52}}],"line":164},"8":{"loc":{"start":{"line":166,"column":8},"end":{"line":167,"column":62}},"type":"if","locations":[{"start":{"line":166,"column":8},"end":{"line":167,"column":62}},{"start":{"line":166,"column":8},"end":{"line":167,"column":62}}],"line":166},"9":{"loc":{"start":{"line":168,"column":8},"end":{"line":169,"column":52}},"type":"if","locations":[{"start":{"line":168,"column":8},"end":{"line":169,"column":52}},{"start":{"line":168,"column":8},"end":{"line":169,"column":52}}],"line":168},"10":{"loc":{"start":{"line":170,"column":8},"end":{"line":171,"column":52}},"type":"if","locations":[{"start":{"line":170,"column":8},"end":{"line":171,"column":52}},{"start":{"line":170,"column":8},"end":{"line":171,"column":52}}],"line":170},"11":{"loc":{"start":{"line":172,"column":8},"end":{"line":173,"column":52}},"type":"if","locations":[{"start":{"line":172,"column":8},"end":{"line":173,"column":52}},{"start":{"line":172,"column":8},"end":{"line":173,"column":52}}],"line":172},"12":{"loc":{"start":{"line":174,"column":8},"end":{"line":175,"column":63}},"type":"if","locations":[{"start":{"line":174,"column":8},"end":{"line":175,"column":63}},{"start":{"line":174,"column":8},"end":{"line":175,"column":63}}],"line":174},"13":{"loc":{"start":{"line":176,"column":8},"end":{"line":177,"column":63}},"type":"if","locations":[{"start":{"line":176,"column":8},"end":{"line":177,"column":63}},{"start":{"line":176,"column":8},"end":{"line":177,"column":63}}],"line":176},"14":{"loc":{"start":{"line":178,"column":8},"end":{"line":179,"column":52}},"type":"if","locations":[{"start":{"line":178,"column":8},"end":{"line":179,"column":52}},{"start":{"line":178,"column":8},"end":{"line":179,"column":52}}],"line":178},"15":{"loc":{"start":{"line":180,"column":8},"end":{"line":181,"column":52}},"type":"if","locations":[{"start":{"line":180,"column":8},"end":{"line":181,"column":52}},{"start":{"line":180,"column":8},"end":{"line":181,"column":52}}],"line":180},"16":{"loc":{"start":{"line":182,"column":8},"end":{"line":183,"column":52}},"type":"if","locations":[{"start":{"line":182,"column":8},"end":{"line":183,"column":52}},{"start":{"line":182,"column":8},"end":{"line":183,"column":52}}],"line":182},"17":{"loc":{"start":{"line":184,"column":8},"end":{"line":185,"column":52}},"type":"if","locations":[{"start":{"line":184,"column":8},"end":{"line":185,"column":52}},{"start":{"line":184,"column":8},"end":{"line":185,"column":52}}],"line":184},"18":{"loc":{"start":{"line":186,"column":8},"end":{"line":187,"column":61}},"type":"if","locations":[{"start":{"line":186,"column":8},"end":{"line":187,"column":61}},{"start":{"line":186,"column":8},"end":{"line":187,"column":61}}],"line":186},"19":{"loc":{"start":{"line":188,"column":8},"end":{"line":193,"column":9}},"type":"if","locations":[{"start":{"line":188,"column":8},"end":{"line":193,"column":9}},{"start":{"line":188,"column":8},"end":{"line":193,"column":9}}],"line":188},"20":{"loc":{"start":{"line":194,"column":8},"end":{"line":196,"column":9}},"type":"if","locations":[{"start":{"line":194,"column":8},"end":{"line":196,"column":9}},{"start":{"line":194,"column":8},"end":{"line":196,"column":9}}],"line":194},"21":{"loc":{"start":{"line":197,"column":8},"end":{"line":199,"column":9}},"type":"if","locations":[{"start":{"line":197,"column":8},"end":{"line":199,"column":9}},{"start":{"line":197,"column":8},"end":{"line":199,"column":9}}],"line":197},"22":{"loc":{"start":{"line":214,"column":12},"end":{"line":249,"column":161}},"type":"if","locations":[{"start":{"line":214,"column":12},"end":{"line":249,"column":161}},{"start":{"line":214,"column":12},"end":{"line":249,"column":161}}],"line":214},"23":{"loc":{"start":{"line":216,"column":17},"end":{"line":249,"column":161}},"type":"if","locations":[{"start":{"line":216,"column":17},"end":{"line":249,"column":161}},{"start":{"line":216,"column":17},"end":{"line":249,"column":161}}],"line":216},"24":{"loc":{"start":{"line":218,"column":17},"end":{"line":249,"column":161}},"type":"if","locations":[{"start":{"line":218,"column":17},"end":{"line":249,"column":161}},{"start":{"line":218,"column":17},"end":{"line":249,"column":161}}],"line":218},"25":{"loc":{"start":{"line":220,"column":17},"end":{"line":249,"column":161}},"type":"if","locations":[{"start":{"line":220,"column":17},"end":{"line":249,"column":161}},{"start":{"line":220,"column":17},"end":{"line":249,"column":161}}],"line":220},"26":{"loc":{"start":{"line":222,"column":17},"end":{"line":249,"column":161}},"type":"if","locations":[{"start":{"line":222,"column":17},"end":{"line":249,"column":161}},{"start":{"line":222,"column":17},"end":{"line":249,"column":161}}],"line":222},"27":{"loc":{"start":{"line":224,"column":17},"end":{"line":249,"column":161}},"type":"if","locations":[{"start":{"line":224,"column":17},"end":{"line":249,"column":161}},{"start":{"line":224,"column":17},"end":{"line":249,"column":161}}],"line":224},"28":{"loc":{"start":{"line":226,"column":17},"end":{"line":249,"column":161}},"type":"if","locations":[{"start":{"line":226,"column":17},"end":{"line":249,"column":161}},{"start":{"line":226,"column":17},"end":{"line":249,"column":161}}],"line":226},"29":{"loc":{"start":{"line":228,"column":17},"end":{"line":249,"column":161}},"type":"if","locations":[{"start":{"line":228,"column":17},"end":{"line":249,"column":161}},{"start":{"line":228,"column":17},"end":{"line":249,"column":161}}],"line":228},"30":{"loc":{"start":{"line":230,"column":17},"end":{"line":249,"column":161}},"type":"if","locations":[{"start":{"line":230,"column":17},"end":{"line":249,"column":161}},{"start":{"line":230,"column":17},"end":{"line":249,"column":161}}],"line":230},"31":{"loc":{"start":{"line":232,"column":17},"end":{"line":249,"column":161}},"type":"if","locations":[{"start":{"line":232,"column":17},"end":{"line":249,"column":161}},{"start":{"line":232,"column":17},"end":{"line":249,"column":161}}],"line":232},"32":{"loc":{"start":{"line":234,"column":17},"end":{"line":249,"column":161}},"type":"if","locations":[{"start":{"line":234,"column":17},"end":{"line":249,"column":161}},{"start":{"line":234,"column":17},"end":{"line":249,"column":161}}],"line":234},"33":{"loc":{"start":{"line":236,"column":17},"end":{"line":249,"column":161}},"type":"if","locations":[{"start":{"line":236,"column":17},"end":{"line":249,"column":161}},{"start":{"line":236,"column":17},"end":{"line":249,"column":161}}],"line":236},"34":{"loc":{"start":{"line":238,"column":17},"end":{"line":249,"column":161}},"type":"if","locations":[{"start":{"line":238,"column":17},"end":{"line":249,"column":161}},{"start":{"line":238,"column":17},"end":{"line":249,"column":161}}],"line":238},"35":{"loc":{"start":{"line":240,"column":17},"end":{"line":249,"column":161}},"type":"if","locations":[{"start":{"line":240,"column":17},"end":{"line":249,"column":161}},{"start":{"line":240,"column":17},"end":{"line":249,"column":161}}],"line":240},"36":{"loc":{"start":{"line":242,"column":17},"end":{"line":249,"column":161}},"type":"if","locations":[{"start":{"line":242,"column":17},"end":{"line":249,"column":161}},{"start":{"line":242,"column":17},"end":{"line":249,"column":161}}],"line":242},"37":{"loc":{"start":{"line":244,"column":17},"end":{"line":249,"column":161}},"type":"if","locations":[{"start":{"line":244,"column":17},"end":{"line":249,"column":161}},{"start":{"line":244,"column":17},"end":{"line":249,"column":161}}],"line":244},"38":{"loc":{"start":{"line":246,"column":17},"end":{"line":249,"column":161}},"type":"if","locations":[{"start":{"line":246,"column":17},"end":{"line":249,"column":161}},{"start":{"line":246,"column":17},"end":{"line":249,"column":161}}],"line":246},"39":{"loc":{"start":{"line":251,"column":8},"end":{"line":255,"column":14}},"type":"if","locations":[{"start":{"line":251,"column":8},"end":{"line":255,"column":14}},{"start":{"line":251,"column":8},"end":{"line":255,"column":14}}],"line":251},"40":{"loc":{"start":{"line":256,"column":8},"end":{"line":257,"column":80}},"type":"if","locations":[{"start":{"line":256,"column":8},"end":{"line":257,"column":80}},{"start":{"line":256,"column":8},"end":{"line":257,"column":80}}],"line":256},"41":{"loc":{"start":{"line":258,"column":8},"end":{"line":259,"column":86}},"type":"if","locations":[{"start":{"line":258,"column":8},"end":{"line":259,"column":86}},{"start":{"line":258,"column":8},"end":{"line":259,"column":86}}],"line":258}},"s":{"0":1,"1":1,"2":1,"3":1,"4":1,"5":1,"6":1,"7":1,"8":1,"9":1,"10":1,"11":1,"12":1,"13":4,"14":4,"15":4,"16":4,"17":4,"18":4,"19":4,"20":4,"21":4,"22":4,"23":4,"24":4,"25":4,"26":4,"27":4,"28":4,"29":4,"30":4,"31":4,"32":4,"33":4,"34":2,"35":2,"36":2,"37":4,"38":2,"39":2,"40":2,"41":1,"42":2,"43":1,"44":2,"45":1,"46":2,"47":1,"48":2,"49":1,"50":2,"51":1,"52":2,"53":1,"54":2,"55":1,"56":2,"57":2,"58":2,"59":1,"60":2,"61":2,"62":2,"63":1,"64":2,"65":1,"66":2,"67":1,"68":2,"69":1,"70":2,"71":1,"72":2,"73":1,"74":2,"75":2,"76":2,"77":2,"78":2,"79":2,"80":2,"81":2,"82":2,"83":4,"84":2,"85":2,"86":18,"87":1,"88":17,"89":1,"90":16,"91":1,"92":15,"93":1,"94":14,"95":1,"96":13,"97":1,"98":12,"99":1,"100":11,"101":1,"102":10,"103":1,"104":9,"105":1,"106":8,"107":1,"108":7,"109":1,"110":6,"111":1,"112":5,"113":1,"114":4,"115":1,"116":3,"117":1,"118":2,"119":1,"120":1,"121":1,"122":1,"123":1,"124":1,"125":1,"126":1,"127":1,"128":1},"f":{"0":1,"1":1,"2":4,"3":4,"4":2,"5":2},"b":{"0":[1,1],"1":[1,1],"2":[1,1],"3":[1,1],"4":[1,1],"5":[1,1],"6":[1,1],"7":[1,1],"8":[1,1],"9":[1,1],"10":[2,0],"11":[1,1],"12":[2,0],"13":[1,1],"14":[1,1],"15":[1,1],"16":[1,1],"17":[1,1],"18":[1,1],"19":[2,0],"20":[2,0],"21":[2,0],"22":[1,17],"23":[1,16],"24":[1,15],"25":[1,14],"26":[1,13],"27":[1,12],"28":[1,11],"29":[1,10],"30":[1,9],"31":[1,8],"32":[1,7],"33":[1,6],"34":[1,5],"35":[1,4],"36":[1,3],"37":[1,2],"38":[1,1],"39":[1,0],"40":[1,0],"41":[1,0]},"inputSourceMap":{"version":3,"file":"Utils.js","sourceRoot":"","sources":["../../src/cccs/Utils.ts"],"names":[],"mappings":";AAAA;;;+FAG+F;;;AAE/F,sDAAkE;AAGlE,mCAAmC;AACnC,IAAY,SAKX;AALD,WAAY,SAAS;IACjB,oCAAuB,CAAA;IACvB,wCAA2B,CAAA;IAC3B,8CAAiC,CAAA;IACjC,0BAAa,CAAA;AACjB,CAAC,EALW,SAAS,GAAT,iBAAS,KAAT,iBAAS,QAKpB;AA4CD,kDAAkD;AAClD,IAAY,YAKX;AALD,WAAY,YAAY;IACpB,mCAAmB,CAAA;IACnB,+BAAe,CAAA;IACf,iCAAiB,CAAA;IACjB,+BAAe,CAAA;AACnB,CAAC,EALW,YAAY,GAAZ,oBAAY,KAAZ,oBAAY,QAKvB;AAUD;;GAEG;AACH,MAAM,SAAS;IAoCX;QACI;;;WAGG;QACH,IAAI,CAAC,YAAY,GAAG,EAAE,CAAC;QACvB;;;WAGG;QACH,IAAI,CAAC,YAAY,GAAG,EAAE,CAAC;QACvB;;;WAGG;QACH,IAAI,CAAC,OAAO,GAAG,EAAE,CAAC;QAClB;;;WAGG;QACH,IAAI,CAAC,OAAO,GAAG,EAAE,CAAC;QAClB;;;WAGG;QACH,IAAI,CAAC,oBAAoB,GAAG,EAAE,CAAC;QAC/B;;;WAGG;QACH,IAAI,CAAC,aAAa,GAAG,EAAE,CAAC;QACxB;;;WAGG;QACH,IAAI,CAAC,GAAG,GAAG,EAAE,CAAC;QACd;;;WAGG;QACH,IAAI,CAAC,UAAU,GAAG,EAAE,CAAC;QACrB;;;WAGG;QACH,IAAI,CAAC,GAAG,GAAG,EAAE,CAAC;QACd;;;WAGG;QACH,IAAI,CAAC,GAAG,GAAG,EAAE,CAAC;QACd;;;WAGG;QACH,IAAI,CAAC,GAAG,GAAG,EAAE,CAAC;QACd;;;WAGG;QACH,IAAI,CAAC,IAAI,GAAG,EAAE,CAAC;QACf;;;WAGG;QACH,IAAI,CAAC,GAAG,GAAG,EAAE,CAAC;QACd;;;WAGG;QACH,IAAI,CAAC,aAAa,GAAG,EAAE,CAAC;QACxB;;;WAGG;QACH,IAAI,CAAC,GAAG,GAAG,EAAE,CAAC;QACd;;;WAGG;QACH,IAAI,CAAC,GAAG,GAAG,EAAE,CAAC;QACd;;;WAGG;QACH,IAAI,CAAC,GAAG,GAAG,EAAE,CAAC;IAClB,CAAC;CACJ;AAED,wCAAwC;AACxC,MAAa,aAAa;IAkBtB;QACI;;;WAGG;QACH,IAAI,CAAC,MAAM,GAAG,EAAE,CAAC;QACjB;;;;WAIG;QACH,IAAI,CAAC,OAAO,GAAG,IAAI,SAAS,EAAE,CAAC;QAE/B;;;WAGG;QACH,IAAI,CAAC,WAAW,GAAG,YAAY,CAAC,OAAO,CAAC;QAExC;;;WAGG;QACH,IAAI,CAAC,OAAO,GAAG,CAAC,CAAC;IACrB,CAAC;IAED;;;OAGG;IACI,MAAM;QACT,MAAM,IAAI,GAAQ,EAAE,CAAC;QAErB,IAAI,CAAC,QAAQ,CAAC,GAAG,EAAE,CAAC;QACpB,KAAK,MAAM,KAAK,IAAI,IAAI,CAAC,MAAM,EAAE;YAC7B,IAAI,CAAC,QAAQ,CAAC,CAAC,IAAI,CAAC,EAAE,IAAI,EAAE,KAAK,EAAE,CAAC,CAAC;SACxC;QAED,IAAI,CAAC,UAAU,CAAC,GAAG,EAAE,CAAC;QACtB,IAAI,CAAC,UAAU,CAAC,CAAC,SAAS,CAAC,GAAG,EAAE,CAAC;QACjC,IAAI,IAAI,CAAC,OAAO,CAAC,aAAa;YAC1B,IAAI,CAAC,UAAU,CAAC,CAAC,SAAS,CAAC,CAAC,IAAI,CAAC,iBAAiB,CAAC,CAAC;QAExD,IAAI,IAAI,CAAC,OAAO,CAAC,GAAG;YAChB,IAAI,CAAC,UAAU,CAAC,CAAC,SAAS,CAAC,CAAC,IAAI,CAAC,KAAK,CAAC,CAAC;QAE5C,IAAI,IAAI,CAAC,OAAO,CAAC,IAAI;YACjB,IAAI,CAAC,UAAU,CAAC,CAAC,SAAS,CAAC,CAAC,IAAI,CAAC,UAAU,CAAC,CAAC;QAEjD,IAAI,IAAI,CAAC,OAAO,CAAC,oBAAoB;YACjC,IAAI,CAAC,UAAU,CAAC,CAAC,SAAS,CAAC,CAAC,IAAI,CAAC,uBAAuB,CAAC,CAAC;QAE9D,IAAI,IAAI,CAAC,OAAO,CAAC,GAAG;YAChB,IAAI,CAAC,UAAU,CAAC,CAAC,SAAS,CAAC,CAAC,IAAI,CAAC,KAAK,CAAC,CAAC;QAE5C,IAAI,IAAI,CAAC,OAAO,CAAC,GAAG;YAChB,IAAI,CAAC,UAAU,CAAC,CAAC,SAAS,CAAC,CAAC,IAAI,CAAC,KAAK,CAAC,CAAC;QAE5C,IAAI,IAAI,CAAC,OAAO,CAAC,aAAa;YAC1B,IAAI,CAAC,UAAU,CAAC,CAAC,SAAS,CAAC,CAAC,IAAI,CAAC,eAAe,CAAC,CAAC;QAEtD,IAAI,IAAI,CAAC,OAAO,CAAC,GAAG;YAChB,IAAI,CAAC,UAAU,CAAC,CAAC,SAAS,CAAC,CAAC,IAAI,CAAC,KAAK,CAAC,CAAC;QAE5C,IAAI,IAAI,CAAC,OAAO,CAAC,GAAG;YAChB,IAAI,CAAC,UAAU,CAAC,CAAC,SAAS,CAAC,CAAC,IAAI,CAAC,KAAK,CAAC,CAAC;QAE5C,IAAI,IAAI,CAAC,OAAO,CAAC,GAAG;YAChB,IAAI,CAAC,UAAU,CAAC,CAAC,SAAS,CAAC,CAAC,IAAI,CAAC,KAAK,CAAC,CAAC;QAE5C,IAAI,IAAI,CAAC,OAAO,CAAC,YAAY;YACzB,IAAI,CAAC,UAAU,CAAC,CAAC,SAAS,CAAC,CAAC,IAAI,CAAC,gBAAgB,CAAC,CAAC;QAEvD,IAAI,IAAI,CAAC,OAAO,CAAC,UAAU;YACvB,IAAI,CAAC,UAAU,CAAC,CAAC,SAAS,CAAC,CAAC,IAAI,CAAC,gBAAgB,CAAC,CAAC;QAEvD,IAAI,IAAI,CAAC,OAAO,CAAC,GAAG;YAChB,IAAI,CAAC,UAAU,CAAC,CAAC,SAAS,CAAC,CAAC,IAAI,CAAC,KAAK,CAAC,CAAC;QAE5C,IAAI,IAAI,CAAC,OAAO,CAAC,GAAG;YAChB,IAAI,CAAC,UAAU,CAAC,CAAC,SAAS,CAAC,CAAC,IAAI,CAAC,KAAK,CAAC,CAAC;QAE5C,IAAI,IAAI,CAAC,OAAO,CAAC,OAAO;YACpB,IAAI,CAAC,UAAU,CAAC,CAAC,SAAS,CAAC,CAAC,IAAI,CAAC,KAAK,CAAC,CAAC;QAE5C,IAAI,IAAI,CAAC,OAAO,CAAC,OAAO;YACpB,IAAI,CAAC,UAAU,CAAC,CAAC,SAAS,CAAC,CAAC,IAAI,CAAC,KAAK,CAAC,CAAC;QAE5C,IAAI,IAAI,CAAC,OAAO,CAAC,YAAY;YACzB,IAAI,CAAC,UAAU,CAAC,CAAC,SAAS,CAAC,CAAC,IAAI,CAAC,cAAc,CAAC,CAAC;QAErD,IAAI,IAAI,CAAC,aAAa,EAAE;YACpB,IAAI,CAAC,UAAU,CAAC,CAAC,eAAe,CAAC,GAAG;gBAChC,aAAa,EAAE,IAAI,CAAC,aAAa,CAAC,WAAW;gBAC7C,UAAU,EAAE,IAAI,CAAC,aAAa,CAAC,QAAQ;aAC1C,CAAC;SACL;QAED,IAAI,IAAI,CAAC,WAAW,EAAE;YAClB,IAAI,CAAC,UAAU,CAAC,CAAC,SAAS,CAAC,GAAG,IAAI,CAAC,WAAW,CAAC;SAClD;QAED,IAAI,IAAI,CAAC,OAAO,EAAE;YACd,IAAI,CAAC,UAAU,CAAC,CAAC,mBAAmB,CAAC,GAAG,IAAI,CAAC,OAAO,CAAC;SACxD;QAED,OAAO,IAAI,CAAC;IAChB,CAAC;IAED;;;;OAIG;IACI,MAAM,CAAC,KAAK,CAAC,QAAQ,CAAC,YAAiB;QAC1C,MAAM,cAAc,GAAG,IAAI,aAAa,EAAE,CAAC;QAE3C,KAAK,MAAM,KAAK,IAAI,YAAY,CAAC,QAAQ,CAAC,EAAE;YACxC,cAAc,CAAC,MAAM,CAAC,IAAI,CAAC,KAAK,CAAC,IAAI,CAAC,CAAC,CAAC;SAC3C;QACD,MAAM,WAAW,GAAG,YAAY,CAAC,aAAa,CAAC,CAAC,SAAS,CAAC,CAAC;QAC3D,KAAK,MAAM,MAAM,IAAI,WAAW,EAAE;YAC9B,IAAI,MAAM,CAAC,QAAQ,CAAC,KAAK,iBAAiB;gBACtC,cAAc,CAAC,OAAO,CAAC,aAAa,GAAG,MAAM,CAAC,IAAI,CAAC,CAAC;iBACnD,IAAI,MAAM,CAAC,QAAQ,CAAC,KAAK,KAAK;gBAC/B,cAAc,CAAC,OAAO,CAAC,GAAG,GAAG,MAAM,CAAC,IAAI,CAAC,CAAC;iBACzC,IAAI,MAAM,CAAC,QAAQ,CAAC,KAAK,UAAU;gBACpC,cAAc,CAAC,OAAO,CAAC,IAAI,GAAG,MAAM,CAAC,IAAI,CAAC,CAAC;iBAC1C,IAAI,MAAM,CAAC,QAAQ,CAAC,KAAK,KAAK;gBAC/B,cAAc,CAAC,OAAO,CAAC,GAAG,GAAG,MAAM,CAAC,IAAI,CAAC,CAAC;iBACzC,IAAI,MAAM,CAAC,QAAQ,CAAC,KAAK,KAAK;gBAC/B,cAAc,CAAC,OAAO,CAAC,GAAG,GAAG,MAAM,CAAC,IAAI,CAAC,CAAC;iBACzC,IAAI,MAAM,CAAC,QAAQ,CAAC,KAAK,eAAe;gBACzC,cAAc,CAAC,OAAO,CAAC,aAAa,GAAG,MAAM,CAAC,IAAI,CAAC,CAAC;iBACnD,IAAI,MAAM,CAAC,QAAQ,CAAC,KAAK,KAAK;gBAC/B,cAAc,CAAC,OAAO,CAAC,GAAG,GAAG,MAAM,CAAC,IAAI,CAAC,CAAC;iBACzC,IAAI,MAAM,CAAC,QAAQ,CAAC,KAAK,KAAK;gBAC/B,cAAc,CAAC,OAAO,CAAC,GAAG,GAAG,MAAM,CAAC,IAAI,CAAC,CAAC;iBACzC,IAAI,MAAM,CAAC,QAAQ,CAAC,KAAK,KAAK;gBAC/B,cAAc,CAAC,OAAO,CAAC,GAAG,GAAG,MAAM,CAAC,IAAI,CAAC,CAAC;iBACzC,IAAI,MAAM,CAAC,QAAQ,CAAC,KAAK,gBAAgB;gBAC1C,cAAc,CAAC,OAAO,CAAC,YAAY,GAAG,MAAM,CAAC,IAAI,CAAC,CAAC;iBAClD,IAAI,MAAM,CAAC,QAAQ,CAAC,KAAK,gBAAgB;gBAC1C,cAAc,CAAC,OAAO,CAAC,UAAU,GAAG,MAAM,CAAC,IAAI,CAAC,CAAC;iBAChD,IAAI,MAAM,CAAC,QAAQ,CAAC,KAAK,KAAK;gBAC/B,cAAc,CAAC,OAAO,CAAC,GAAG,GAAG,MAAM,CAAC,IAAI,CAAC,CAAC;iBACzC,IAAI,MAAM,CAAC,QAAQ,CAAC,KAAK,KAAK;gBAC/B,cAAc,CAAC,OAAO,CAAC,GAAG,GAAG,MAAM,CAAC,IAAI,CAAC,CAAC;iBACzC,IAAI,MAAM,CAAC,QAAQ,CAAC,KAAK,KAAK;gBAC/B,cAAc,CAAC,OAAO,CAAC,OAAO,GAAG,MAAM,CAAC,IAAI,CAAC,CAAC;iBAC7C,IAAI,MAAM,CAAC,QAAQ,CAAC,KAAK,KAAK;gBAC/B,cAAc,CAAC,OAAO,CAAC,OAAO,GAAG,MAAM,CAAC,IAAI,CAAC,CAAC;iBAC7C,IAAI,MAAM,CAAC,QAAQ,CAAC,KAAK,cAAc;gBACxC,cAAc,CAAC,OAAO,CAAC,YAAY,GAAG,MAAM,CAAC,IAAI,CAAC,CAAC;iBAClD,IAAI,MAAM,CAAC,QAAQ,CAAC,KAAK,uBAAuB;gBACjD,cAAc,CAAC,OAAO,CAAC,oBAAoB,GAAG,MAAM,CAAC,IAAI,CAAC,CAAC;;gBAE3D,OAAO,OAAO,CAAC,MAAM,CAAC,IAAI,2BAAY,CAAC,4BAAa,CAAC,KAAK,EAAE,iCAAiC,GAAG,MAAM,CAAC,QAAQ,CAAC,CAAC,CAAC,CAAC;SAC1H;QACD,IAAI,eAAe,IAAI,YAAY,CAAC,aAAa,CAAC;YAC9C,cAAc,CAAC,aAAa,GAAG;gBAC3B,QAAQ,EAAE,YAAY,CAAC,aAAa,CAAC,CAAC,eAAe,CAAC,CAAC,UAAU,CAAC;gBAClE,WAAW,EAAE,YAAY,CAAC,aAAa,CAAC,CAAC,eAAe,CAAC,CAAC,aAAa,CAAC;aAC3E,CAAA;QAEL,IAAI,SAAS,IAAI,YAAY,CAAC,aAAa,CAAC;YACxC,cAAc,CAAC,WAAW,GAAG,YAAY,CAAC,aAAa,CAAC,CAAC,SAAS,CAAC,CAAC;QAExE,IAAI,mBAAmB,IAAI,YAAY,CAAC,aAAa,CAAC;YAClD,cAAc,CAAC,OAAO,GAAG,YAAY,CAAC,aAAa,CAAC,CAAC,mBAAmB,CAAC,CAAC;QAE9E,OAAO,cAAc,CAAC;IAC1B,CAAC;CACJ;AA/LD,sCA+LC","sourcesContent":["/*---------------------------------------------------------------------------------------------\r\n* Copyright (c) Bentley Systems, Incorporated. All rights reserved.\r\n* See LICENSE.md in the project root for license terms and full copyright notice.\r\n*--------------------------------------------------------------------------------------------*/\r\n\r\nimport { BentleyError, BentleyStatus } from \"@itwin/core-bentley\";\r\nimport { JobDates } from \"../CommonData\";\r\n\r\n/** Possible types of a CCS job. */\r\nexport enum CCJobType {\r\n    NONE = \"not recognized\",\r\n    CALIBRATION = \"Calibration\",\r\n    RECONSTRUCTION = \"Reconstruction\",\r\n    FULL = \"Full\",\r\n}\r\n\r\n/** \r\n * Properties of a workspace.\r\n * Convenience interface to stock all properties of a job in a simple way.\r\n */\r\nexport interface CCWorkspaceProperties {\r\n    id: string;\r\n    createdDateTime: string;\r\n    name: string;\r\n    iTwinId: string;\r\n    contextCaptureVersion?: string;\r\n}\r\n\r\n/**\r\n * Parameters for estimating job cost before its processing.\r\n */\r\nexport interface CCCostParameters {\r\n    gigaPixels?: number;\r\n    megaPoints?: number;\r\n    meshQuality?: CCJobQuality;\r\n}\r\n\r\n/**\r\n * Properties of ContextCapture job.\r\n * Convenience interface to stock all properties of a job in a simple way.\r\n */\r\nexport interface CCJobProperties {\r\n    name: string;\r\n    type: CCJobType;\r\n    settings: CCJobSettings;\r\n    workspaceId: string;\r\n    iTwinId: string;\r\n    id: string;\r\n    location?: string;\r\n    email?: string;\r\n    state?: string;\r\n    dates?: JobDates;\r\n    exitCode?: string;\r\n    executionCost?: string;\r\n    costEstimationParameters?: CCCostParameters;\r\n    estimatedCost?: string;\r\n}\r\n\r\n/** Possible qualities of a ContextCapture job. */\r\nexport enum CCJobQuality {\r\n    UNKNOWN = \"Unknown\",\r\n    DRAFT = \"Draft\",\r\n    MEDIUM = \"Medium\",\r\n    EXTRA = \"Extra\",\r\n}\r\n\r\n/** \r\n * Cache settings for a ContextCapture Job.\r\n */\r\nexport interface CCCacheSettings {\r\n    createCache: boolean;\r\n    useCache: string;\r\n}\r\n\r\n/**\r\n * Possible outputs for a ContextCapture job.\r\n */\r\nclass CCOutputs {\r\n    /** Created context scene id. */\r\n    contextScene: string;\r\n    /** Created ccorientation id. */\r\n    orientations: string;\r\n    /** Created 3MX id. */\r\n    threeMX: string;\r\n    /** Created 3SM id. */\r\n    threeSM: string;\r\n    /** Created web ready scalable mesh id. */\r\n    webReadyScalableMesh: string;\r\n    /** Created cesium 3D tiles id. */\r\n    cesium3DTiles: string;\r\n    /** Created pod id. */\r\n    pod: string;\r\n    /** Created orthophoto id. */\r\n    orthophoto: string;\r\n    /** Created las id. */\r\n    las: string;\r\n    /** Created fbx id. */\r\n    fbx: string;\r\n    /** Created obj id. */\r\n    obj: string;\r\n    /** Created esri i3s id. */\r\n    esri: string;\r\n    /** Created dgn id. */\r\n    dgn: string;\r\n    /** Created load tree export id. */\r\n    lodTreeExport: string;\r\n    /** Created ply id. */\r\n    ply: string;\r\n    /** Created opc id. */\r\n    opc: string;\r\n    /** Created omr id. */\r\n    omr: string;\r\n\r\n    constructor() {\r\n        /**\r\n         * Created context scene id.\r\n         * @type {string}\r\n         */\r\n        this.contextScene = \"\";\r\n        /**\r\n         * Created ccorientation id.\r\n         * @type {string}\r\n         */\r\n        this.orientations = \"\";\r\n        /**\r\n         * Created 3MX id.\r\n         * @type {string}\r\n         */\r\n        this.threeMX = \"\";\r\n        /**\r\n         * Created 3SM id.\r\n         * @type {string}\r\n         */\r\n        this.threeSM = \"\";\r\n        /**\r\n         * Created web ready scalable mesh id.\r\n         * @type {string}\r\n         */\r\n        this.webReadyScalableMesh = \"\";\r\n        /**\r\n         * Created cesium 3D Tiles id.\r\n         * @type {string}\r\n         */\r\n        this.cesium3DTiles = \"\";\r\n        /**\r\n         * Created pod id.\r\n         * @type {string}\r\n         */\r\n        this.pod = \"\";\r\n        /**\r\n         * Created orthophoto id.\r\n         * @type {string}\r\n         */\r\n        this.orthophoto = \"\";\r\n        /**\r\n         * Created las id.\r\n         * @type {string}\r\n         */\r\n        this.las = \"\";\r\n        /**\r\n         * Created fbx id.\r\n         * @type {string}\r\n         */\r\n        this.fbx = \"\";\r\n        /**\r\n         * Created obj id.\r\n         * @type {string}\r\n         */\r\n        this.obj = \"\";\r\n        /**\r\n         * Created esri i3s id.\r\n         * @type {string}\r\n         */\r\n        this.esri = \"\";\r\n        /**\r\n         * Created dgn id.\r\n         * @type {string}\r\n         */\r\n        this.dgn = \"\";\r\n        /**\r\n         * Created load tree export id.\r\n         * @type {string}\r\n         */\r\n        this.lodTreeExport = \"\";\r\n        /**\r\n         * Created ply id.\r\n         * @type {string}\r\n         */\r\n        this.ply = \"\";\r\n        /**\r\n         * Created opc id.\r\n         * @type {string}\r\n         */\r\n        this.opc = \"\";\r\n        /**\r\n         * Created omr id.\r\n         * @type {string}\r\n         */\r\n        this.omr = \"\";\r\n    }\r\n}\r\n\r\n/** Settings for ContextCapture jobs. */\r\nexport class CCJobSettings {\r\n    /** Possible inputs for this job. Should be the ids of the inputs in the cloud. */\r\n    inputs: string[];\r\n    /** \r\n     * Possible outputs for this job. \r\n     * Fill the outputs you want for the job with a string (normally the name of the output) before passing it to createJob. \r\n     */\r\n    outputs: CCOutputs;\r\n\r\n    /** Mesh quality for this job. */\r\n    meshQuality?: CCJobQuality;\r\n\r\n    /** Quantity of engines to be used by the job. If set at 0, CCS will use your engine limit. */\r\n    engines?: number;\r\n\r\n    /** Cache settings for this job. */\r\n    cacheSettings?: CCCacheSettings;\r\n\r\n    constructor() {\r\n        /** \r\n         * Possible inputs for this job. \r\n         * @type {CCInputs}\r\n         */\r\n        this.inputs = [];\r\n        /** \r\n         * Possible outputs for this job. \r\n         * Fill the outputs you want for the job with a string (normally the name of the output) before passing it to createJob. \r\n         * @type {CCOutputs}\r\n         */\r\n        this.outputs = new CCOutputs();\r\n\r\n        /**\r\n         * Mesh quality for this job.\r\n         * @type {CCJobQuality}\r\n         */\r\n        this.meshQuality = CCJobQuality.UNKNOWN;\r\n\r\n        /** \r\n         * Number of engines to be used at most, between 0 and your engine limit. If set at 0, CCCS will use your engine limit. \r\n         * @type {number}\r\n         */\r\n        this.engines = 0;\r\n    }\r\n\r\n    /**\r\n     * Transform settings into json.\r\n     * @returns {any} json with settings values.\r\n     */\r\n    public toJson(): any {\r\n        const json: a
[...]
CjC,CAAC,EAjBW,eAAe,GAAf,uBAAe,KAAf,uBAAe,QAiB1B","sourcesContent":["/*---------------------------------------------------------------------------------------------\r\n* Copyright (c) Bentley Systems, Incorporated. All rights reserved.\r\n* See LICENSE.md in the project root for license terms and full copyright notice.\r\n*--------------------------------------------------------------------------------------------*/\r\n\r\n/** Status of a job. */\r\nexport enum JobState {\r\n    ACTIVE = \"active\",\r\n    CANCELLED = \"cancelled\",\r\n    COMPLETED = \"success\",\r\n    FAILED = \"failed\",\r\n    OVER = \"over\",\r\n    PENDING = \"pending\",\r\n    RUNNING = \"active\",\r\n    SUCCESS = \"success\",\r\n    UNKNOWN = \"unknown\",\r\n    UNSUBMITTED = \"unsubmitted\",\r\n}\r\n\r\n/**\r\n * Job creation, submission, start and end dates.\r\n */\r\nexport interface JobDates {\r\n    createdDateTime?: string;\r\n    submissionDateTime?: string;\r\n    startedDateTime?: string;\r\n    endedDateTime?: string;\r\n}\r\n\r\n/** \r\n * Progress for the job. \r\n * Contains the status for the job, and it's percentage progression as an integer value between 0 and 100\r\n */\r\nexport interface JobProgress {\r\n    state: JobState\r\n    progress: number;\r\n    step: string;\r\n}\r\n\r\n/**\r\n * Data types used in ProjectWise ContextShare.\r\n */\r\nexport enum RealityDataType {\r\n    CC_IMAGE_COLLECTION = \"CCImageCollection\",\r\n    CC_ORIENTATIONS = \"CCOrientations\",\r\n    CONTEXT_DETECTOR = \"ContextDetector\",\r\n    CONTEXT_SCENE = \"ContextScene\",\r\n    DGN = \"DGN\",\r\n    LAS = \"LAS\",\r\n    LAZ = \"LAZ\",\r\n    OPC = \"OPC\",\r\n    PLY = \"PLY\",\r\n    POD = \"POD\",\r\n    POINTCLOUD = \"PointCloud\",\r\n    SCAN_COLLECTION = \"ScanCollection\",\r\n    SHP = \"SHP\",\r\n    THREEMX = \"3MX\",\r\n    THREESM = \"3SM\",\r\n    UNSTRUCTURED = \"Unstructured\"\r\n}"]},"_coverageSchema":"1a1c01bbd47fc00a2c39e90264f33305004495a9","hash":"0304fe9e7c02811dff507f21070d4edc40b34184","contentHash":"8c863305bae2a1f106244d86ef4e3d1adb7acfcb1577918955a63f04d98cc3f0"},"C:\\Users\\Denis.Biguenet\\Documents\\Acute3D\\reality-capture\\typescript\\sdk\\lib\\utils\\ReferenceTableBrowser.js":{"path":"C:\\Users\\Denis.Biguenet\\Documents\\Acute3D\\reality-capture\\typescript\\sdk\\lib\\utils\\ReferenceTableBrowser.js","statementMap":{"0":{"start":{"line":6,"column":0},"end":{"line":6,"column":62}},"1":{"start":{"line":7,"column":0},"end":{"line":7,"column":39}},"2":{"start":{"line":13,"column":8},"end":{"line":13,"column":33}},"3":{"start":{"line":16,"column":8},"end":{"line":16,"column":38}},"4":{"start":{"line":17,"column":8},"end":{"line":17,"column":38}},"5":{"start":{"line":24,"column":26},"end":{"line":24,"column":59}},"6":{"start":{"line":25,"column":31},"end":{"line":25,"column":63}},"7":{"start":{"line":26,"column":22},"end":{"line":26,"column":24}},"8":{"start":{"line":27,"column":8},"end":{"line":29,"column":9}},"9":{"start":{"line":28,"column":12},"end":{"line":28,"column":48}},"10":{"start":{"line":30,"column":8},"end":{"line":30,"column":44}},"11":{"start":{"line":31,"column":8},"end":{"line":31,"column":37}},"12":{"start":{"line":37,"column":27},"end":{"line":48,"column":9}},"13":{"start":{"line":49,"column":24},"end":{"line":49,"column":67}},"14":{"start":{"line":50,"column":8},"end":{"line":51,"column":19}},"15":{"start":{"line":51,"column":12},"end":{"line":51,"column":19}},"16":{"start":{"line":52,"column":21},"end":{"line":52,"column":47}},"17":{"start":{"line":53,"column":24},"end":{"line":53,"column":41}},"18":{"start":{"line":54,"column":22},"end":{"line":54,"column":75}},"19":{"start":{"line":55,"column":8},"end":{"line":60,"column":9}},"20":{"start":{"line":56,"column":41},"end":{"line":56,"column":56}},"21":{"start":{"line":57,"column":12},"end":{"line":58,"column":25}},"22":{"start":{"line":58,"column":16},"end":{"line":58,"column":25}},"23":{"start":{"line":59,"column":12},"end":{"line":59,"column":50}},"24":{"start":{"line":69,"column":8},"end":{"line":73,"column":9}},"25":{"start":{"line":70,"column":12},"end":{"line":71,"column":130}},"26":{"start":{"line":71,"column":16},"end":{"line":71,"column":130}},"27":{"start":{"line":72,"column":12},"end":{"line":72,"column":25}},"28":{"start":{"line":74,"column":8},"end":{"line":74,"column":50}},"29":{"start":{"line":75,"column":8},"end":{"line":75,"column":50}},"30":{"start":{"line":76,"column":8},"end":{"line":76,"column":20}},"31":{"start":{"line":85,"column":8},"end":{"line":85,"column":88}},"32":{"start":{"line":93,"column":8},"end":{"line":93,"column":48}},"33":{"start":{"line":101,"column":8},"end":{"line":101,"column":46}},"34":{"start":{"line":109,"column":8},"end":{"line":112,"column":9}},"35":{"start":{"line":110,"column":12},"end":{"line":110,"column":79}},"36":{"start":{"line":111,"column":12},"end":{"line":111,"column":22}},"37":{"start":{"line":113,"column":8},"end":{"line":113,"column":48}},"38":{"start":{"line":121,"column":8},"end":{"line":124,"column":9}},"39":{"start":{"line":122,"column":12},"end":{"line":122,"column":77}},"40":{"start":{"line":123,"column":12},"end":{"line":123,"column":22}},"41":{"start":{"line":125,"column":8},"end":{"line":125,"column":46}},"42":{"start":{"line":133,"column":8},"end":{"line":134,"column":22}},"43":{"start":{"line":134,"column":12},"end":{"line":134,"column":22}},"44":{"start":{"line":135,"column":8},"end":{"line":135,"column":55}},"45":{"start":{"line":138,"column":0},"end":{"line":138,"column":54}}},"fnMap":{"0":{"name":"(anonymous_0)","decl":{"start":{"line":12,"column":4},"end":{"line":12,"column":5}},"loc":{"start":{"line":12,"column":18},"end":{"line":14,"column":5}},"line":12},"1":{"name":"(anonymous_1)","decl":{"start":{"line":15,"column":4},"end":{"line":15,"column":5}},"loc":{"start":{"line":15,"column":18},"end":{"line":18,"column":5}},"line":15},"2":{"name":"(anonymous_2)","decl":{"start":{"line":23,"column":4},"end":{"line":23,"column":5}},"loc":{"start":{"line":23,"column":17},"end":{"line":32,"column":5}},"line":23},"3":{"name":"(anonymous_3)","decl":{"start":{"line":36,"column":4},"end":{"line":36,"column":5}},"loc":{"start":{"line":36,"column":17},"end":{"line":61,"column":5}},"line":36},"4":{"name":"(anonymous_4)","decl":{"start":{"line":68,"column":4},"end":{"line":68,"column":5}},"loc":{"start":{"line":68,"column":37},"end":{"line":77,"column":5}},"line":68},"5":{"name":"(anonymous_5)","decl":{"start":{"line":84,"column":4},"end":{"line":84,"column":5}},"loc":{"start":{"line":84,"column":40},"end":{"line":86,"column":5}},"line":84},"6":{"name":"(anonymous_6)","decl":{"start":{"line":92,"column":4},"end":{"line":92,"column":5}},"loc":{"start":{"line":92,"column":28},"end":{"line":94,"column":5}},"line":92},"7":{"name":"(anonymous_7)","decl":{"start":{"line":100,"column":4},"end":{"line":100,"column":5}},"loc":{"start":{"line":100,"column":24},"end":{"line":102,"column":5}},"line":100},"8":{"name":"(anonymous_8)","decl":{"start":{"line":108,"column":4},"end":{"line":108,"column":5}},"loc":{"start":{"line":108,"column":39},"end":{"line":114,"column":5}},"line":108},"9":{"name":"(anonymous_9)","decl":{"start":{"line":120,"column":4},"end":{"line":120,"column":5}},"loc":{"start":{"line":120,"column":37},"end":{"line":126,"column":5}},"line":120},"10":{"name":"(anonymous_10)","decl":{"start":{"line":132,"column":4},"end":{"line":132,"column":5}},"loc":{"start":{"line":132,"column":34},"end":{"line":136,"column":5}},"line":132}},"branchMap":{"0":{"loc":{"start":{"line":50,"column":8},"end":{"line":51,"column":19}},"type":"if","locations":[{"start":{"line":50,"column":8},"end":{"line":51,"column":19}},{"start":{"line":50,"column":8},"end":{"line":51,"column":19}}],"line":50},"1":{"loc":{"start":{"line":57,"column":12},"end":{"line":58,"column":25}},"type":"if","locations":[{"start":{"line":57,"column":12},"end":{"line":58,"column":25}},{"start":{"line":57,"column":12},"end":{"line":58,"column":25}}],"line":57},"2":{"loc":{"start":{"line":57,"column":16},"end":{"line":57,"column":38}},"type":"binary-expr","locations":[{"start":{"line":57,"column":16},"end":{"line":57,"column":26}},{"start":{"line":57,"column":30},"end":{"line":57,"column":38}}],"line":57},"3":{"loc":{"start":{"line":69,"column":8},"end":{"line":73,"column":9}},"type":"if","locations":[{"start":{"line":69,"column":8},"end":{"line":73,"column":9}},{"start":{"line":69,"column":8},"end":{"line":73,"column":9}}],"line":69},"4":{"loc":{"start":{"line":69,"column":12},"end":{"line":69,"column":78}},"type":"binary-expr","locations":[{"start":{"line":69,"column":12},"end":{"line":69,"column":44}},{"start":{"line":69,"column":48},"end":{"line":69,"column":78}}],"line":69},"5":{"loc":{"start":{"line":70,"column":12},"end":{"line":71,"column":130}},"type":"if","locations":[{"start":{"line":70,"column":12},"end":{"line":71,"column":130}},{"start":{"line":70,"column":12},"end":{"line":71,"column":130}}],"line":70},"6":{"loc":{"start":{"line":70,"column":16},"end":{"line":70,"column":108}},"type":"binary-expr","locations":[{"start":{"line":70,"column":16},"end":{"line":70,"column":60}},{"start":{"line":70,"column":64},"end":{"line":70,"column":108}}],"line":70},"7":{"loc":{"start":{"line":85,"column":15},"end":{"line":85,"column":87}},"type":"binary-expr","locations":[{"start":{"line":85,"column":15},"end":{"line":85,"column":50}},{"start":{"line":85,"column":54},"end":{"line":85,"column":87}}],"line":85},"8":{"loc":{"start":{"line":109,"column":8},"end":{"line":112,"column":9}},"type":"if","locations":[{"start":{"line":109,"column":8},"end":{"line":112,"column":9}},{"start":{"line":109,"column":8},"end":{"line":112,"column":9}}],"line":109},"9":{"loc":{"start":{"line":121,"column":8},"end":{"line":124,"column":9}},"type":"if","locations":[{"start":{"line":121,"column":8},"end":{"line":124,"column":9}},{"start":{"line":121,"column":8},"end":{"line":124,"column":9}}],"line":121},"10":{"loc":{"start":{"line":133,"column":8},"end":{"line":134,"column":22}},"type":"if","locations":[{"start":{"line":133,"column":8},"end":{"line":134,"column":22}},{"start":{"line":133,"column":8},"end":{"line":134,"column":22}}],"line":133}},"s":{"0":1,"1":1,"2":0,"3":0,"4":0,"5":0,"6":0,"7":0,"8":0,"9":0,"10":0,"11":0,"12":0,"13":0,"14":0,"15":0,"16":0,"17":0,"18":0,"19":0,"20":0,"21":0,"22":0,"23":0,"24":0,"25":0,"26":0,"27":0,"28":0,"29":0,"30":0,"31":0,"32":0,"33":0,"34":0,"35":0,"36":0,"37":0,"38":0,"39":0,"40":0,"41":0,"42":0,"43":0,"44":0,"45":1},"f":{"0":0,"1":0,"2":0,"3":0,"4":0,"5":0,"6":0,"7":0,"8":0,"9":0,"10":0},"b":{"0":[0,0],"1":[0,0],"2":[0,0],"3":[0,0],"4":[0,0],"5":[0,0],"6":[0,0],"7":[0,0],"8":[0,0],"9":[0,0],"10":[0,0]},"inputSourceMap":{"version":3,"file":"ReferenceTableBrowser.js","sourceRoot":"","sources":["../../src/utils/ReferenceTableBrowser.ts"],"names":[],"mappings":";AAAA;;;+FAG+F;;;AAE/F;;GAEG;AACH,MAAa,qBAAqB;IAM9B,IAAW,OAAO;QACd,OAAO,IAAI,CAAC,YAAY,CAAC;IAC7B,CAAC;IAED;QACI,IAAI,CAAC,YAAY,GAAG,IAAI,GAAG,EAAE,CAAC;QAC9B,IAAI,CAAC,YAAY,GAAG,IAAI,GAAG,EAAE,CAAC;IAClC,CAAC;IAED;;;OAGG;IACI,KAAK,CAAC,IAAI;QACb,MAAM,SAAS,GAAG,MAAM,MAAM,CAAC,kBAAkB,EAAE,CAAC;QACpD,MAAM,cAAc,GAAG,MAAM,SAAS,CAAC,cAAc,EAAE,CAAC;QACxD,IAAI,OAAO,GAAG,EAAE,CAAC;QACjB,KAAK,MAAM,CAAC,GAAG,EAAE,KAAK,CAAC,IAAI,IAAI,CAAC,YAAY,EAAE;YAC1C,OAAO,IAAI,GAAG,GAAG,GAAG,GAAG,KAAK,GAAG,IAAI,CAAC;SACvC;QACD,MAAM,cAAc,CAAC,KAAK,CAAC,OAAO,CAAC,CAAC;QACpC,MAAM,cAAc,CAAC,KAAK,EAAE,CAAC;IACjC,CAAC;IAED;;OAEG;IACI,KAAK,CAAC,IAAI;QACb,MAAM,UAAU,GAAG;YACf,KAAK,EAAE;gBACH;oBACI,WAAW,EAAE,MAAM;oBACnB,MAAM,EAAE;wBACJ,QAAQ,EAAE,CAAC,MAAM,CAAC;qBACrB;iBACJ;aACJ;YACD,sBAAsB,EAAE,IAAI;YAC5B,QAAQ,EAAE,KAAK;SAClB,CAAC;QAEF,MAAM,OAAO,GAAG,MAAM,MAAM,CAAC,kBAAkB,CAAC,UAAU,CAAC,CAAC;QAC5D,IAAG,CAAC,OAAO,CAAC,MAAM;YACd,OAAO;QAEX,MAAM,IAAI,GAAG,MAAM,OAAO,CAAC,CAAC,CAAC,CAAC,OAAO,EAAE,CAAC;QACxC,MAAM,OAAO,GAAG,MAAM,IAAI,CAAC,IAAI,EAAE,CAAC;QAClC,MAAM,KAAK,GAAG,OAAO,CAAC,QAAQ,EAAE,CAAC,OAAO,CAAC,OAAO,EAAE,IAAI,CAAC,CAAC,KAAK,CAAC,IAAI,CAAC,CAAC;QACpE,KAAK,MAAM,IAAI,IAAI,KAAK,EAAE;YACtB,MAAM,CAAC,SAAS,EAAE,OAAO,CAAC,GAAG,IAAI,CAAC,KAAK,CAAC,GAAG,CAAC,CAAC;YAC7C,IAAI,CAAC,SAAS,IAAI,CAAC,OAAO;gBACtB,SAAS;YAEb,IAAI,CAAC,YAAY,CAAC,SAAS,EAAE,OAAO,CAAC,CAAC;SACzC;IACL,CAAC;IAED;;;;;OAKG;IACI,YAAY,CAAC,SAAiB,EAAE,OAAe;QAClD,IAAI,IAAI,CAAC,YAAY,CAAC,GAAG,CAAC,SAAS,CAAC,IAAI,IAAI,CAAC,YAAY,CAAC,GAAG,CAAC,OAAO,CAAC,EAAE;YACpE,IAAI,IAAI,CAAC,YAAY,CAAC,GAAG,CAAC,SAAS,CAAC,KAAK,OAAO,IAAI,IAAI,CAAC,YAAY,CAAC,GAAG,CAAC,OAAO,CAAC,KAAK,SAAS;gBAC5F,OAAO,CAAC,GAAG,CAAC,OAAO,GAAG,SAAS,GAAG,OAAO,GAAG,OAAO,GAAG,0DAA0D,CAAC,CAAC;YAEtH,OAAO,KAAK,CAAC;SAChB;QAED,IAAI,CAAC,YAAY,CAAC,GAAG,CAAC,SAAS,EAAE,OAAO,CAAC,CAAC;QAC1C,IAAI,CAAC,YAAY,CAAC,GAAG,CAAC,OAAO,EAAE,SAAS,CAAC,CAAC;QAC1C,OAAO,IAAI,CAAC;IAChB,CAAC;IAED;;;;;OAKG;IACI,eAAe,CAAC,SAAiB,EAAE,OAAe;QACrD,OAAO,IAAI,CAAC,YAAY,CAAC,MAAM,CAAC,SAAS,CAAC,IAAI,IAAI,CAAC,YAAY,CAAC,MAAM,CAAC,OAAO,CAAC,CAAC;IACpF,CAAC;IAED;;;;OAIG;IACI,YAAY,CAAC,SAAiB;QACjC,OAAO,IAAI,CAAC,YAAY,CAAC,GAAG,CAAC,SAAS,CAAC,CAAC;IAC5C,CAAC;IAED;;;;OAIG;IACI,UAAU,CAAC,OAAe;QAC7B,OAAO,IAAI,CAAC,YAAY,CAAC,GAAG,CAAC,OAAO,CAAC,CAAC;IAC1C,CAAC;IAED;;;;OAIG;IACI,uBAAuB,CAAC,SAAiB;QAC5C,IAAI,CAAC,IAAI,CAAC,YAAY,CAAC,SAAS,CAAC,EAAE;YAC/B,OAAO,CAAC,GAAG,CAAC,iBAAiB,GAAG,SAAS,GAAG,qBAAqB,CAAC,CAAC;YACnE,OAAO,EAAE,CAAC;SACb;QACD,OAAO,IAAI,CAAC,YAAY,CAAC,GAAG,CAAC,SAAS,CAAE,CAAC;IAC7C,CAAC;IAED;;;;OAIG;IACI,uBAAuB,CAAC,OAAe;QAC1C,IAAI,CAAC,IAAI,CAAC,UAAU,CAAC,OAAO,CAAC,EAAE;YAC3B,OAAO,CAAC,GAAG,CAAC,iBAAiB,GAAG,OAAO,GAAG,qBAAqB,CAAC,CAAC;YACjE,OAAO,EAAE,CAAC;SACb;QACD,OAAO,IAAI,CAAC,YAAY,CAAC,GAAG,CAAC,OAAO,CAAE,CAAC;IAC3C,CAAC;IAED;;;;OAIG;IACI,kBAAkB,CAAC,SAAiB;QACvC,IAAI,CAAC,SAAS,CAAC,MAAM;YACjB,OAAO,EAAE,CAAC;QAEd,OAAO,IAAI,CAAC,uBAAuB,CAAC,SAAS,CAAC,CAAC;IACnD,CAAC;CACJ;AAnJD,sDAmJC","sourcesContent":["/*---------------------------------------------------------------------------------------------\r\n* Copyright (c) Bentley Systems, Incorporated. All rights reserved.\r\n* See LICENSE.md in the project root for license terms and full copyright notice.\r\n*--------------------------------------------------------------------------------------------*/\r\n\r\n/**\r\n * A bi-directional map of local data paths and their corresponding cloud ID.\r\n */\r\nexport class ReferenceTableBrowser {\r\n    /** Local path to cloud id. */\r\n    private localToCloud: Map<string, string>;\r\n    /** Cloud id to local path. */\r\n    private cloudToLocal: Map<string, string>;\r\n\r\n    public get entries() {\r\n        return this.localToCloud;\r\n    }\r\n\r\n    constructor() {\r\n        this.localToCloud = new Map();\r\n        this.cloudToLocal = new Map();\r\n    }\r\n\r\n    /**\r\n     * Open a file picker and save references as txt file. \r\n     * This file will be loaded next time to prevent reuploading the same data, see {@link load}.\r\n     */\r\n    public async save(): Promise<void> {\r\n        const newHandle = await window.showSaveFilePicker();\r\n        const writableStream = await newHandle.createWritable();\r\n        let content = \"\";\r\n        for (const [key, value] of this.localToCloud) {\r\n            content += key + \",\" + value + \"\\n\";\r\n        }\r\n        await writableStream.write(content);\r\n        await writableStream.close();\r\n    }\r\n\r\n    /**\r\n     * Load references from selected file. Open a file picker to select the reference file.\r\n     */\r\n    public async load(): Promise<void> {\r\n        const pickerOpts = {\r\n            types: [\r\n                {\r\n                    description: \"Text\",\r\n                    accept: {\r\n                        \"text/*\": [\".txt\"]\r\n                    }\r\n                },\r\n            ],\r\n            excludeAcceptAllOption: true,\r\n            multiple: false\r\n        };\r\n\r\n        const handles = await window.showOpenFilePicker(pickerOpts);\r\n        if(!handles.length)\r\n            return;\r\n            \r\n        const file = await handles[0].getFile();\r\n        const content = await file.text();\r\n        const lines = content.toString().replace(/\\r\\n/g, \"\\n\").split(\"\\n\");\r\n        for (const line of lines) {\r\n            const [localPath, cloudId] = line.split(\",\");\r\n            if (!localPath || !cloudId)\r\n                continue;\r\n\r\n            this.addReference(localPath, cloudId);\r\n        }\r\n    }\r\n\r\n    /**\r\n     * Add a new entry in the table.\r\n     * @param {string} localPath new entry local path.\r\n     * @param {string} cloudId new entry cloud id.\r\n     * @returns {boolean} true if the entry has been added successfully.\r\n     */\r\n    public addReference(localPath: string, cloudId: string): boolean {\r\n        if (this.localToCloud.has(localPath) && this.cloudToLocal.has(cloudId)) {\r\n            if (this.localToCloud.get(localPath) === cloudId && this.cloudToLocal.get(cloudId) === localPath)\r\n                console.log(\"Both \" + localPath + \" and \" + cloudId + \" already exist in table and are not mapped to each other\");\r\n\r\n            return false;\r\n        }\r\n\r\n        this.localToCloud.set(localPath, cloudId);\r\n        this.cloudToLocal.set(cloudId, localPath);\r\n        return true;\r\n    }\r\n\r\n    /**\r\n     * Remove reference from the reference table.\r\n     * @param {string} localPath local path entry to remove.\r\n     * @param {string} cloudId cloud id entry to remove.\r\n     * @returns {boolean} true if the entry has been removed successfully in both maps.\r\n     */\r\n    public removeReference(localPath: string, cloudId: string): boolean {\r\n        return this.localToCloud.delete(localPath) && this.cloudToLocal.delete(cloudId);\r\n    }\r\n\r\n    /**\r\n     * Check if {@link localPath} exists in {@link localToCloud}.\r\n     * @param {string} localPath local path to search in the reference table.\r\n     * @returns {boolean} true if {@link localPath} exists in {@link localToCloud}.\r\n     */\r\n    public hasLocalPath(localPath: string): boolean {\r\n        return this.localToCloud.has(localPath);\r\n    }\r\n\r\n    /**\r\n     * Check if {@link cloudId} exists in {@link cloudToLocal}.\r\n     * @param {string} cloudId local path to search in the reference table.\r\n     * @returns {boolean} true if {@link cloudId} exists in {@link cloudToLocal}.\r\n     */\r\n    public hasCloudId(cloudId: string): boolean {\r\n        return this.cloudToLocal.has(cloudId);\r\n    }\r\n\r\n    /**\r\n     * Get cloud id from local path.\r\n     * @param {string} localPath local path.\r\n     * @returns {string} cloud id associated to {@link localPath}.\r\n     */\r\n    public getCloudIdFromLocalPath(localPath: string): string {\r\n        if (!this.hasLocalPath(localPath)) {\r\n            console.log(\"Could not find \" + localPath + \" in reference table\");\r\n            return \"\";\r\n        }\r\n        return this.localToCloud.get(localPath)!;\r\n    }\r\n\r\n    /**\r\n     * Get local path from cloud id.\r\n     * @param {string} cloudId cloud id.\r\n     * @returns {string} local path associated to {@link cloudId}.\r\n     */\r\n    public getLocalPathFromCloudId(cloudId: string): string {\r\n        if (!this.hasCloudId(cloudId)) {\r\n            console.log(\"Could not find \" + cloudId + \" in reference table\");\r\n            return \"\";\r\n        }\r\n        return this.cloudToLocal.get(cloudId)!;\r\n    }\r\n\r\n    /**\r\n     * Translate input path to cloud id.\r\n     * @param {string} inputPath input path to translate.\r\n     * @returns {string} input as cloud id.\r\n     */\r\n    public translateInputPath(inputPath: string): string {\r\n        if (!inputPath.length)\r\n            return \"\";\r\n\r\n        return this.getCloudIdFromLocalPath(inputPath);\r\n    }\r\n}"]},"_coverageSchema":"1a1c01bbd47fc00a2c39e90264f33305004495a9","hash":"f17a95e66494574a5dc14218c9d75783af869137","contentHash":"dedbd50e1f9aa515b2f27db136a7da7cc95a21cc618ee0bda9f2dd0c14b20e38"}}